2023-10-17 21:41:46 [    INFO]: Received request for getting log for task a02d1c98-4577-468b-97f2-02d87b195893
2023-10-17 21:41:46 [    INFO]: {'task_name': 'resnet18_train', 'task_type': 'train', 'verision': '1.0.0', 'seed': 18, 'model': {'name': 'ResNet18', 'params': {'freeze_backbone': True}}, 'train': {'data': {'geojson_path': './data/raw/train.geojson', 'collections': 'sentinel-2-l2a', 'datetime': '2022-01-01/2022-12-30', 'band': 'visual', 'transform': [{'name': 'to_tensor', 'params': {}}, {'name': 'resize', 'params': {'size': [224, 224]}}, {'name': 'random_flip', 'params': {'probability_vertical': 0.5, 'probability_horizontal': 0.5}}, {'name': 'normalize', 'params': {'mean': [0.485, 0.456, 0.406], 'std': [0.229, 0.224, 0.225]}}], 'batch_size': 2, 'shuffle': True}, 'epochs': 30, 'optimizer': {'type': 'SGD', 'args': {'lr': 0.01, 'weight_decay': 0.0}}, 'scheduler': {'type': 'step', 'args': {'lr_schedule': {10: 0.1, 20: 0.1}, 'warm_up': 4}}}, 'test': {'data': {'geojson_path': './data/raw/test.geojson', 'collections': 'sentinel-2-l2a', 'datetime': '2022-01-01/2022-12-30', 'band': 'visual', 'transform': [{'name': 'to_tensor', 'params': {}}, {'name': 'resize', 'params': {'size': [224, 224]}}, {'name': 'normalize', 'params': {'mean': [0.485, 0.456, 0.406], 'std': [0.229, 0.224, 0.225]}}], 'batch_size': 1, 'shuffle': False}}, 'result_dir': 'C:\\Users\\Stone\\Desktop\\CGG_test_landfill_prediction\\results\\a02d1c98-4577-468b-97f2-02d87b195893'}
2023-10-17 21:41:46 [    INFO]: Random seed: 18
2023-10-17 21:41:46 [    INFO]: Config: {'task_name': 'resnet18_train', 'task_type': 'train', 'verision': '1.0.0', 'seed': 18, 'model': {'name': 'ResNet18', 'params': {'freeze_backbone': True}}, 'train': {'data': {'geojson_path': './data/raw/train.geojson', 'collections': 'sentinel-2-l2a', 'datetime': '2022-01-01/2022-12-30', 'band': 'visual', 'transform': [{'name': 'to_tensor', 'params': {}}, {'name': 'resize', 'params': {'size': [224, 224]}}, {'name': 'random_flip', 'params': {'probability_vertical': 0.5, 'probability_horizontal': 0.5}}, {'name': 'normalize', 'params': {'mean': [0.485, 0.456, 0.406], 'std': [0.229, 0.224, 0.225]}}], 'batch_size': 2, 'shuffle': True}, 'epochs': 30, 'optimizer': {'type': 'SGD', 'args': {'lr': 0.01, 'weight_decay': 0.0}}, 'scheduler': {'type': 'step', 'args': {'lr_schedule': {10: 0.1, 20: 0.1}, 'warm_up': 4}}}, 'test': {'data': {'geojson_path': './data/raw/test.geojson', 'collections': 'sentinel-2-l2a', 'datetime': '2022-01-01/2022-12-30', 'band': 'visual', 'transform': [{'name': 'to_tensor', 'params': {}}, {'name': 'resize', 'params': {'size': [224, 224]}}, {'name': 'normalize', 'params': {'mean': [0.485, 0.456, 0.406], 'std': [0.229, 0.224, 0.225]}}], 'batch_size': 1, 'shuffle': False}}, 'result_dir': 'C:\\Users\\Stone\\Desktop\\CGG_test_landfill_prediction\\results\\a02d1c98-4577-468b-97f2-02d87b195893'}
2023-10-17 21:41:46 [    INFO]: Device: cuda:0
2023-10-17 21:41:46 [    INFO]: Training data: 20, Testing data: 6
2023-10-17 21:41:46 [    INFO]: ResNet18(
  (backbone): Sequential(
    (0): Conv2d(3, 64, kernel_size=(7, 7), stride=(2, 2), padding=(3, 3), bias=False)
    (1): BatchNorm2d(64, eps=1e-05, momentum=0.1, affine=True, track_running_stats=True)
    (2): ReLU(inplace=True)
    (3): MaxPool2d(kernel_size=3, stride=2, padding=1, dilation=1, ceil_mode=False)
    (4): Sequential(
      (0): BasicBlock(
        (conv1): Conv2d(64, 64, kernel_size=(3, 3), stride=(1, 1), padding=(1, 1), bias=False)
        (bn1): BatchNorm2d(64, eps=1e-05, momentum=0.1, affine=True, track_running_stats=True)
        (relu): ReLU(inplace=True)
        (conv2): Conv2d(64, 64, kernel_size=(3, 3), stride=(1, 1), padding=(1, 1), bias=False)
        (bn2): BatchNorm2d(64, eps=1e-05, momentum=0.1, affine=True, track_running_stats=True)
      )
      (1): BasicBlock(
        (conv1): Conv2d(64, 64, kernel_size=(3, 3), stride=(1, 1), padding=(1, 1), bias=False)
        (bn1): BatchNorm2d(64, eps=1e-05, momentum=0.1, affine=True, track_running_stats=True)
        (relu): ReLU(inplace=True)
        (conv2): Conv2d(64, 64, kernel_size=(3, 3), stride=(1, 1), padding=(1, 1), bias=False)
        (bn2): BatchNorm2d(64, eps=1e-05, momentum=0.1, affine=True, track_running_stats=True)
      )
    )
    (5): Sequential(
      (0): BasicBlock(
        (conv1): Conv2d(64, 128, kernel_size=(3, 3), stride=(2, 2), padding=(1, 1), bias=False)
        (bn1): BatchNorm2d(128, eps=1e-05, momentum=0.1, affine=True, track_running_stats=True)
        (relu): ReLU(inplace=True)
        (conv2): Conv2d(128, 128, kernel_size=(3, 3), stride=(1, 1), padding=(1, 1), bias=False)
        (bn2): BatchNorm2d(128, eps=1e-05, momentum=0.1, affine=True, track_running_stats=True)
        (downsample): Sequential(
          (0): Conv2d(64, 128, kernel_size=(1, 1), stride=(2, 2), bias=False)
          (1): BatchNorm2d(128, eps=1e-05, momentum=0.1, affine=True, track_running_stats=True)
        )
      )
      (1): BasicBlock(
        (conv1): Conv2d(128, 128, kernel_size=(3, 3), stride=(1, 1), padding=(1, 1), bias=False)
        (bn1): BatchNorm2d(128, eps=1e-05, momentum=0.1, affine=True, track_running_stats=True)
        (relu): ReLU(inplace=True)
        (conv2): Conv2d(128, 128, kernel_size=(3, 3), stride=(1, 1), padding=(1, 1), bias=False)
        (bn2): BatchNorm2d(128, eps=1e-05, momentum=0.1, affine=True, track_running_stats=True)
      )
    )
    (6): Sequential(
      (0): BasicBlock(
        (conv1): Conv2d(128, 256, kernel_size=(3, 3), stride=(2, 2), padding=(1, 1), bias=False)
        (bn1): BatchNorm2d(256, eps=1e-05, momentum=0.1, affine=True, track_running_stats=True)
        (relu): ReLU(inplace=True)
        (conv2): Conv2d(256, 256, kernel_size=(3, 3), stride=(1, 1), padding=(1, 1), bias=False)
        (bn2): BatchNorm2d(256, eps=1e-05, momentum=0.1, affine=True, track_running_stats=True)
        (downsample): Sequential(
          (0): Conv2d(128, 256, kernel_size=(1, 1), stride=(2, 2), bias=False)
          (1): BatchNorm2d(256, eps=1e-05, momentum=0.1, affine=True, track_running_stats=True)
        )
      )
      (1): BasicBlock(
        (conv1): Conv2d(256, 256, kernel_size=(3, 3), stride=(1, 1), padding=(1, 1), bias=False)
        (bn1): BatchNorm2d(256, eps=1e-05, momentum=0.1, affine=True, track_running_stats=True)
        (relu): ReLU(inplace=True)
        (conv2): Conv2d(256, 256, kernel_size=(3, 3), stride=(1, 1), padding=(1, 1), bias=False)
        (bn2): BatchNorm2d(256, eps=1e-05, momentum=0.1, affine=True, track_running_stats=True)
      )
    )
    (7): Sequential(
      (0): BasicBlock(
        (conv1): Conv2d(256, 512, kernel_size=(3, 3), stride=(2, 2), padding=(1, 1), bias=False)
        (bn1): BatchNorm2d(512, eps=1e-05, momentum=0.1, affine=True, track_running_stats=True)
        (relu): ReLU(inplace=True)
        (conv2): Conv2d(512, 512, kernel_size=(3, 3), stride=(1, 1), padding=(1, 1), bias=False)
        (bn2): BatchNorm2d(512, eps=1e-05, momentum=0.1, affine=True, track_running_stats=True)
        (downsample): Sequential(
          (0): Conv2d(256, 512, kernel_size=(1, 1), stride=(2, 2), bias=False)
          (1): BatchNorm2d(512, eps=1e-05, momentum=0.1, affine=True, track_running_stats=True)
        )
      )
      (1): BasicBlock(
        (conv1): Conv2d(512, 512, kernel_size=(3, 3), stride=(1, 1), padding=(1, 1), bias=False)
        (bn1): BatchNorm2d(512, eps=1e-05, momentum=0.1, affine=True, track_running_stats=True)
        (relu): ReLU(inplace=True)
        (conv2): Conv2d(512, 512, kernel_size=(3, 3), stride=(1, 1), padding=(1, 1), bias=False)
        (bn2): BatchNorm2d(512, eps=1e-05, momentum=0.1, affine=True, track_running_stats=True)
      )
    )
    (8): AdaptiveAvgPool2d(output_size=(1, 1))
  )
  (classifier): Linear(in_features=512, out_features=1, bias=True)
)
2023-10-17 21:41:47 [    INFO]: [Epoch 1, Mini-batch 5] loss: 0.470144, elapsed time: 0.44 seconds, estimated total time: 26.16 seconds, time remaining: 25.72 seconds
2023-10-17 21:41:47 [    INFO]: [Epoch 1, Mini-batch 10] loss: 0.354618, elapsed time: 0.54 seconds, estimated total time: 16.11 seconds, time remaining: 15.57 seconds
2023-10-17 21:41:47 [    INFO]: [Epoch 1] train loss: 0.412381, AUC: 0.778 with optimal threashold: 0.485, accuracy: 0.833, precision: 1.000, recall: 0.667, f1_score: 0.800
2023-10-17 21:41:47 [    INFO]: [Epoch 2, Mini-batch 5] loss: 0.334364, elapsed time: 0.81 seconds, estimated total time: 16.20 seconds, time remaining: 15.39 seconds
2023-10-17 21:41:47 [    INFO]: [Epoch 2, Mini-batch 10] loss: 0.280818, elapsed time: 0.89 seconds, estimated total time: 13.40 seconds, time remaining: 12.50 seconds
2023-10-17 21:41:47 [    INFO]: [Epoch 2] train loss: 0.307591, AUC: 0.889 with optimal threashold: 0.634, accuracy: 0.833, precision: 0.750, recall: 1.000, f1_score: 0.857
2023-10-17 21:41:47 [    INFO]: [Epoch 3, Mini-batch 5] loss: 0.316210, elapsed time: 1.16 seconds, estimated total time: 13.92 seconds, time remaining: 12.76 seconds
2023-10-17 21:41:47 [    INFO]: [Epoch 3, Mini-batch 10] loss: 0.255984, elapsed time: 1.25 seconds, estimated total time: 12.49 seconds, time remaining: 11.24 seconds
2023-10-17 21:41:47 [    INFO]: [Epoch 3] train loss: 0.286097, AUC: 0.778 with optimal threashold: 0.714, accuracy: 0.833, precision: 1.000, recall: 0.667, f1_score: 0.800
2023-10-17 21:41:48 [    INFO]: [Epoch 4, Mini-batch 5] loss: 0.274280, elapsed time: 1.55 seconds, estimated total time: 13.25 seconds, time remaining: 11.71 seconds
2023-10-17 21:41:48 [    INFO]: [Epoch 4, Mini-batch 10] loss: 0.136210, elapsed time: 1.65 seconds, estimated total time: 12.39 seconds, time remaining: 10.74 seconds
2023-10-17 21:41:48 [    INFO]: [Epoch 4] train loss: 0.205245, AUC: 0.778 with optimal threashold: 0.880, accuracy: 0.833, precision: 1.000, recall: 0.667, f1_score: 0.800
2023-10-17 21:41:48 [    INFO]: [Epoch 5, Mini-batch 5] loss: 0.148370, elapsed time: 1.92 seconds, estimated total time: 12.80 seconds, time remaining: 10.88 seconds
2023-10-17 21:41:48 [    INFO]: [Epoch 5, Mini-batch 10] loss: 0.375381, elapsed time: 2.01 seconds, estimated total time: 12.03 seconds, time remaining: 10.03 seconds
2023-10-17 21:41:48 [    INFO]: [Epoch 5] train loss: 0.261876, AUC: 0.778 with optimal threashold: 0.618, accuracy: 0.833, precision: 1.000, recall: 0.667, f1_score: 0.800
2023-10-17 21:41:48 [    INFO]: [Epoch 6, Mini-batch 5] loss: 0.165518, elapsed time: 2.25 seconds, estimated total time: 12.25 seconds, time remaining: 10.00 seconds
2023-10-17 21:41:48 [    INFO]: [Epoch 6, Mini-batch 10] loss: 0.177210, elapsed time: 2.34 seconds, estimated total time: 11.72 seconds, time remaining: 9.38 seconds
2023-10-17 21:41:49 [    INFO]: [Epoch 6] train loss: 0.171364, AUC: 0.778 with optimal threashold: 0.856, accuracy: 0.833, precision: 1.000, recall: 0.667, f1_score: 0.800
2023-10-17 21:41:49 [    INFO]: [Epoch 7, Mini-batch 5] loss: 0.114279, elapsed time: 2.62 seconds, estimated total time: 12.09 seconds, time remaining: 9.47 seconds
2023-10-17 21:41:49 [    INFO]: [Epoch 7, Mini-batch 10] loss: 0.119387, elapsed time: 2.71 seconds, estimated total time: 11.59 seconds, time remaining: 8.89 seconds
2023-10-17 21:41:49 [    INFO]: [Epoch 7] train loss: 0.116833, AUC: 0.778 with optimal threashold: 0.566, accuracy: 0.833, precision: 1.000, recall: 0.667, f1_score: 0.800
2023-10-17 21:41:49 [    INFO]: [Epoch 8, Mini-batch 5] loss: 0.075068, elapsed time: 3.00 seconds, estimated total time: 12.00 seconds, time remaining: 9.00 seconds
2023-10-17 21:41:49 [    INFO]: [Epoch 8, Mini-batch 10] loss: 0.118093, elapsed time: 3.10 seconds, estimated total time: 11.61 seconds, time remaining: 8.51 seconds
2023-10-17 21:41:49 [    INFO]: [Epoch 8] train loss: 0.096580, AUC: 0.778 with optimal threashold: 0.750, accuracy: 0.833, precision: 1.000, recall: 0.667, f1_score: 0.800
2023-10-17 21:41:49 [    INFO]: [Epoch 9, Mini-batch 5] loss: 0.094174, elapsed time: 3.38 seconds, estimated total time: 11.94 seconds, time remaining: 8.55 seconds
2023-10-17 21:41:50 [    INFO]: [Epoch 9, Mini-batch 10] loss: 0.076789, elapsed time: 3.46 seconds, estimated total time: 11.54 seconds, time remaining: 8.08 seconds
2023-10-17 21:41:50 [    INFO]: [Epoch 9] train loss: 0.085482, AUC: 0.778 with optimal threashold: 0.430, accuracy: 0.833, precision: 1.000, recall: 0.667, f1_score: 0.800
2023-10-17 21:41:50 [    INFO]: [Epoch 10, Mini-batch 5] loss: 0.095059, elapsed time: 3.75 seconds, estimated total time: 11.85 seconds, time remaining: 8.10 seconds
2023-10-17 21:41:50 [    INFO]: [Epoch 10, Mini-batch 10] loss: 0.055062, elapsed time: 3.85 seconds, estimated total time: 11.54 seconds, time remaining: 7.69 seconds
2023-10-17 21:41:50 [    INFO]: [Epoch 10] train loss: 0.075060, AUC: 0.778 with optimal threashold: 0.460, accuracy: 0.833, precision: 1.000, recall: 0.667, f1_score: 0.800
2023-10-17 21:41:50 [    INFO]: [Epoch 11, Mini-batch 5] loss: 0.081725, elapsed time: 4.10 seconds, estimated total time: 11.72 seconds, time remaining: 7.62 seconds
2023-10-17 21:41:50 [    INFO]: [Epoch 11, Mini-batch 10] loss: 0.071908, elapsed time: 4.19 seconds, estimated total time: 11.42 seconds, time remaining: 7.23 seconds
2023-10-17 21:41:50 [    INFO]: [Epoch 11] train loss: 0.076817, AUC: 0.778 with optimal threashold: 0.504, accuracy: 0.833, precision: 1.000, recall: 0.667, f1_score: 0.800
2023-10-17 21:41:51 [    INFO]: [Epoch 12, Mini-batch 5] loss: 0.089538, elapsed time: 4.48 seconds, estimated total time: 11.69 seconds, time remaining: 7.21 seconds
2023-10-17 21:41:51 [    INFO]: [Epoch 12, Mini-batch 10] loss: 0.055828, elapsed time: 4.57 seconds, estimated total time: 11.44 seconds, time remaining: 6.86 seconds
2023-10-17 21:41:51 [    INFO]: [Epoch 12] train loss: 0.072683, AUC: 0.778 with optimal threashold: 0.554, accuracy: 0.833, precision: 1.000, recall: 0.667, f1_score: 0.800
2023-10-17 21:41:51 [    INFO]: [Epoch 13, Mini-batch 5] loss: 0.039384, elapsed time: 4.87 seconds, estimated total time: 11.68 seconds, time remaining: 6.81 seconds
2023-10-17 21:41:51 [    INFO]: [Epoch 13, Mini-batch 10] loss: 0.091837, elapsed time: 4.95 seconds, estimated total time: 11.43 seconds, time remaining: 6.47 seconds
2023-10-17 21:41:51 [    INFO]: [Epoch 13] train loss: 0.065611, AUC: 0.778 with optimal threashold: 0.567, accuracy: 0.833, precision: 1.000, recall: 0.667, f1_score: 0.800
2023-10-17 21:41:51 [    INFO]: [Epoch 14, Mini-batch 5] loss: 0.051730, elapsed time: 5.23 seconds, estimated total time: 11.62 seconds, time remaining: 6.39 seconds
2023-10-17 21:41:51 [    INFO]: [Epoch 14, Mini-batch 10] loss: 0.063620, elapsed time: 5.31 seconds, estimated total time: 11.38 seconds, time remaining: 6.07 seconds
2023-10-17 21:41:51 [    INFO]: [Epoch 14] train loss: 0.057675, AUC: 0.778 with optimal threashold: 0.571, accuracy: 0.833, precision: 1.000, recall: 0.667, f1_score: 0.800
2023-10-17 21:41:52 [    INFO]: [Epoch 15, Mini-batch 5] loss: 0.080025, elapsed time: 5.58 seconds, estimated total time: 11.56 seconds, time remaining: 5.97 seconds
2023-10-17 21:41:52 [    INFO]: [Epoch 15, Mini-batch 10] loss: 0.053891, elapsed time: 5.67 seconds, estimated total time: 11.35 seconds, time remaining: 5.67 seconds
2023-10-17 21:41:52 [    INFO]: [Epoch 15] train loss: 0.066958, AUC: 0.778 with optimal threashold: 0.572, accuracy: 0.833, precision: 1.000, recall: 0.667, f1_score: 0.800
2023-10-17 21:41:52 [    INFO]: [Epoch 16, Mini-batch 5] loss: 0.053650, elapsed time: 5.94 seconds, estimated total time: 11.50 seconds, time remaining: 5.56 seconds
2023-10-17 21:41:52 [    INFO]: [Epoch 16, Mini-batch 10] loss: 0.075227, elapsed time: 6.04 seconds, estimated total time: 11.32 seconds, time remaining: 5.28 seconds
2023-10-17 21:41:52 [    INFO]: [Epoch 16] train loss: 0.064439, AUC: 0.778 with optimal threashold: 0.587, accuracy: 0.833, precision: 1.000, recall: 0.667, f1_score: 0.800
2023-10-17 21:41:52 [    INFO]: [Epoch 17, Mini-batch 5] loss: 0.063510, elapsed time: 6.30 seconds, estimated total time: 11.46 seconds, time remaining: 5.16 seconds
2023-10-17 21:41:52 [    INFO]: [Epoch 17, Mini-batch 10] loss: 0.073991, elapsed time: 6.39 seconds, estimated total time: 11.27 seconds, time remaining: 4.88 seconds
2023-10-17 21:41:53 [    INFO]: [Epoch 17] train loss: 0.068751, AUC: 0.778 with optimal threashold: 0.589, accuracy: 0.833, precision: 1.000, recall: 0.667, f1_score: 0.800
2023-10-17 21:41:53 [    INFO]: [Epoch 18, Mini-batch 5] loss: 0.075385, elapsed time: 6.66 seconds, estimated total time: 11.41 seconds, time remaining: 4.75 seconds
2023-10-17 21:41:53 [    INFO]: [Epoch 18, Mini-batch 10] loss: 0.060591, elapsed time: 6.75 seconds, estimated total time: 11.26 seconds, time remaining: 4.50 seconds
2023-10-17 21:41:53 [    INFO]: [Epoch 18] train loss: 0.067988, AUC: 0.778 with optimal threashold: 0.592, accuracy: 0.833, precision: 1.000, recall: 0.667, f1_score: 0.800
2023-10-17 21:41:53 [    INFO]: [Epoch 19, Mini-batch 5] loss: 0.076603, elapsed time: 7.08 seconds, estimated total time: 11.48 seconds, time remaining: 4.40 seconds
2023-10-17 21:41:53 [    INFO]: [Epoch 19, Mini-batch 10] loss: 0.045909, elapsed time: 7.18 seconds, estimated total time: 11.34 seconds, time remaining: 4.16 seconds
2023-10-17 21:41:53 [    INFO]: [Epoch 19] train loss: 0.061256, AUC: 0.778 with optimal threashold: 0.599, accuracy: 0.833, precision: 1.000, recall: 0.667, f1_score: 0.800
2023-10-17 21:41:54 [    INFO]: [Epoch 20, Mini-batch 5] loss: 0.052394, elapsed time: 7.53 seconds, estimated total time: 11.59 seconds, time remaining: 4.06 seconds
2023-10-17 21:41:54 [    INFO]: [Epoch 20, Mini-batch 10] loss: 0.065577, elapsed time: 7.63 seconds, estimated total time: 11.45 seconds, time remaining: 3.82 seconds
2023-10-17 21:41:54 [    INFO]: [Epoch 20] train loss: 0.058985, AUC: 0.778 with optimal threashold: 0.597, accuracy: 0.833, precision: 1.000, recall: 0.667, f1_score: 0.800
2023-10-17 21:41:54 [    INFO]: [Epoch 21, Mini-batch 5] loss: 0.064875, elapsed time: 7.98 seconds, estimated total time: 11.68 seconds, time remaining: 3.70 seconds
2023-10-17 21:41:54 [    INFO]: [Epoch 21, Mini-batch 10] loss: 0.055238, elapsed time: 8.08 seconds, estimated total time: 11.55 seconds, time remaining: 3.46 seconds
2023-10-17 21:41:54 [    INFO]: [Epoch 21] train loss: 0.060057, AUC: 0.778 with optimal threashold: 0.607, accuracy: 0.833, precision: 1.000, recall: 0.667, f1_score: 0.800
2023-10-17 21:41:54 [    INFO]: [Epoch 22, Mini-batch 5] loss: 0.043215, elapsed time: 8.37 seconds, estimated total time: 11.68 seconds, time remaining: 3.31 seconds
2023-10-17 21:41:55 [    INFO]: [Epoch 22, Mini-batch 10] loss: 0.074945, elapsed time: 8.46 seconds, estimated total time: 11.54 seconds, time remaining: 3.08 seconds
2023-10-17 21:41:55 [    INFO]: [Epoch 22] train loss: 0.059080, AUC: 0.778 with optimal threashold: 0.612, accuracy: 0.833, precision: 1.000, recall: 0.667, f1_score: 0.800
2023-10-17 21:41:55 [    INFO]: [Epoch 23, Mini-batch 5] loss: 0.082457, elapsed time: 8.77 seconds, estimated total time: 11.69 seconds, time remaining: 2.92 seconds
2023-10-17 21:41:55 [    INFO]: [Epoch 23, Mini-batch 10] loss: 0.052663, elapsed time: 8.85 seconds, estimated total time: 11.54 seconds, time remaining: 2.69 seconds
2023-10-17 21:41:55 [    INFO]: [Epoch 23] train loss: 0.067560, AUC: 0.778 with optimal threashold: 0.604, accuracy: 0.833, precision: 1.000, recall: 0.667, f1_score: 0.800
2023-10-17 21:41:55 [    INFO]: [Epoch 24, Mini-batch 5] loss: 0.079633, elapsed time: 9.09 seconds, estimated total time: 11.61 seconds, time remaining: 2.52 seconds
2023-10-17 21:41:55 [    INFO]: [Epoch 24, Mini-batch 10] loss: 0.054533, elapsed time: 9.17 seconds, estimated total time: 11.46 seconds, time remaining: 2.29 seconds
2023-10-17 21:41:55 [    INFO]: [Epoch 24] train loss: 0.067083, AUC: 0.778 with optimal threashold: 0.614, accuracy: 0.833, precision: 1.000, recall: 0.667, f1_score: 0.800
2023-10-17 21:41:55 [    INFO]: [Epoch 25, Mini-batch 5] loss: 0.068911, elapsed time: 9.41 seconds, estimated total time: 11.52 seconds, time remaining: 2.11 seconds
2023-10-17 21:41:56 [    INFO]: [Epoch 25, Mini-batch 10] loss: 0.069727, elapsed time: 9.49 seconds, estimated total time: 11.39 seconds, time remaining: 1.90 seconds
2023-10-17 21:41:56 [    INFO]: [Epoch 25] train loss: 0.069319, AUC: 0.778 with optimal threashold: 0.596, accuracy: 0.833, precision: 1.000, recall: 0.667, f1_score: 0.800
2023-10-17 21:41:56 [    INFO]: [Epoch 26, Mini-batch 5] loss: 0.061034, elapsed time: 9.76 seconds, estimated total time: 11.48 seconds, time remaining: 1.72 seconds
2023-10-17 21:41:56 [    INFO]: [Epoch 26, Mini-batch 10] loss: 0.070142, elapsed time: 9.85 seconds, estimated total time: 11.36 seconds, time remaining: 1.52 seconds
2023-10-17 21:41:56 [    INFO]: [Epoch 26] train loss: 0.065588, AUC: 0.778 with optimal threashold: 0.612, accuracy: 0.833, precision: 1.000, recall: 0.667, f1_score: 0.800
2023-10-17 21:41:56 [    INFO]: [Epoch 27, Mini-batch 5] loss: 0.096291, elapsed time: 10.12 seconds, estimated total time: 11.46 seconds, time remaining: 1.34 seconds
2023-10-17 21:41:56 [    INFO]: [Epoch 27, Mini-batch 10] loss: 0.050069, elapsed time: 10.22 seconds, estimated total time: 11.35 seconds, time remaining: 1.14 seconds
2023-10-17 21:41:56 [    INFO]: [Epoch 27] train loss: 0.073180, AUC: 0.778 with optimal threashold: 0.615, accuracy: 0.833, precision: 1.000, recall: 0.667, f1_score: 0.800
2023-10-17 21:41:57 [    INFO]: [Epoch 28, Mini-batch 5] loss: 0.062748, elapsed time: 10.48 seconds, estimated total time: 11.44 seconds, time remaining: 0.95 seconds
2023-10-17 21:41:57 [    INFO]: [Epoch 28, Mini-batch 10] loss: 0.055220, elapsed time: 10.57 seconds, estimated total time: 11.32 seconds, time remaining: 0.75 seconds
2023-10-17 21:41:57 [    INFO]: [Epoch 28] train loss: 0.058984, AUC: 0.778 with optimal threashold: 0.617, accuracy: 0.833, precision: 1.000, recall: 0.667, f1_score: 0.800
2023-10-17 21:41:57 [    INFO]: [Epoch 29, Mini-batch 5] loss: 0.064412, elapsed time: 10.80 seconds, estimated total time: 11.37 seconds, time remaining: 0.57 seconds
2023-10-17 21:41:57 [    INFO]: [Epoch 29, Mini-batch 10] loss: 0.054806, elapsed time: 10.88 seconds, estimated total time: 11.26 seconds, time remaining: 0.38 seconds
2023-10-17 21:41:57 [    INFO]: [Epoch 29] train loss: 0.059609, AUC: 0.778 with optimal threashold: 0.625, accuracy: 0.833, precision: 1.000, recall: 0.667, f1_score: 0.800
2023-10-17 21:41:57 [    INFO]: [Epoch 30, Mini-batch 5] loss: 0.052431, elapsed time: 11.12 seconds, estimated total time: 11.31 seconds, time remaining: 0.19 seconds
2023-10-17 21:41:57 [    INFO]: [Epoch 30, Mini-batch 10] loss: 0.046483, elapsed time: 11.20 seconds, estimated total time: 11.20 seconds, time remaining: 0.00 seconds
2023-10-17 21:41:57 [    INFO]: [Epoch 30] train loss: 0.049457, AUC: 0.778 with optimal threashold: 0.623, accuracy: 0.833, precision: 1.000, recall: 0.667, f1_score: 0.800
2023-10-17 21:41:58 [    INFO]: $END_OF_LOGS$
2023-10-17 21:41:58 [    INFO]: task a02d1c98-4577-468b-97f2-02d87b195893 finished, saved to fC:\Users\Stone\Desktop\CGG_test_landfill_prediction\results\a02d1c98-4577-468b-97f2-02d87b195893
