2023-10-17 21:49:32 [    INFO]: {'task_name': 'resnet18_train', 'task_type': 'train', 'verision': '1.0.0', 'seed': 18, 'model': {'name': 'ResNet18', 'params': {'freeze_backbone': True}}, 'train': {'data': {'geojson_path': './data/raw/train.geojson', 'collections': 'sentinel-2-l2a', 'datetime': '2022-01-01/2022-12-30', 'band': 'visual', 'transform': [{'name': 'to_tensor', 'params': {}}, {'name': 'resize', 'params': {'size': [224, 224]}}, {'name': 'random_flip', 'params': {'probability_vertical': 0.5, 'probability_horizontal': 0.5}}, {'name': 'normalize', 'params': {'mean': [0.485, 0.456, 0.406], 'std': [0.229, 0.224, 0.225]}}], 'batch_size': 2, 'shuffle': True}, 'epochs': 30, 'optimizer': {'type': 'SGD', 'args': {'lr': 0.01, 'weight_decay': 0.0}}, 'scheduler': {'type': 'step', 'args': {'lr_schedule': {10: 0.1, 20: 0.1}, 'warm_up': 4}}}, 'test': {'data': {'geojson_path': './data/raw/test.geojson', 'collections': 'sentinel-2-l2a', 'datetime': '2022-01-01/2022-12-30', 'band': 'visual', 'transform': [{'name': 'to_tensor', 'params': {}}, {'name': 'resize', 'params': {'size': [224, 224]}}, {'name': 'normalize', 'params': {'mean': [0.485, 0.456, 0.406], 'std': [0.229, 0.224, 0.225]}}], 'batch_size': 1, 'shuffle': False}}, 'result_dir': 'C:\\Users\\Stone\\Desktop\\CGG_test_landfill_prediction\\results\\bc8b3f1b-2822-49f6-a431-7ed100014f2a'}
2023-10-17 21:49:32 [    INFO]: Received request for getting log for task bc8b3f1b-2822-49f6-a431-7ed100014f2a
2023-10-17 21:49:32 [    INFO]: Random seed: 18
2023-10-17 21:49:32 [    INFO]: Config: {'task_name': 'resnet18_train', 'task_type': 'train', 'verision': '1.0.0', 'seed': 18, 'model': {'name': 'ResNet18', 'params': {'freeze_backbone': True}}, 'train': {'data': {'geojson_path': './data/raw/train.geojson', 'collections': 'sentinel-2-l2a', 'datetime': '2022-01-01/2022-12-30', 'band': 'visual', 'transform': [{'name': 'to_tensor', 'params': {}}, {'name': 'resize', 'params': {'size': [224, 224]}}, {'name': 'random_flip', 'params': {'probability_vertical': 0.5, 'probability_horizontal': 0.5}}, {'name': 'normalize', 'params': {'mean': [0.485, 0.456, 0.406], 'std': [0.229, 0.224, 0.225]}}], 'batch_size': 2, 'shuffle': True}, 'epochs': 30, 'optimizer': {'type': 'SGD', 'args': {'lr': 0.01, 'weight_decay': 0.0}}, 'scheduler': {'type': 'step', 'args': {'lr_schedule': {10: 0.1, 20: 0.1}, 'warm_up': 4}}}, 'test': {'data': {'geojson_path': './data/raw/test.geojson', 'collections': 'sentinel-2-l2a', 'datetime': '2022-01-01/2022-12-30', 'band': 'visual', 'transform': [{'name': 'to_tensor', 'params': {}}, {'name': 'resize', 'params': {'size': [224, 224]}}, {'name': 'normalize', 'params': {'mean': [0.485, 0.456, 0.406], 'std': [0.229, 0.224, 0.225]}}], 'batch_size': 1, 'shuffle': False}}, 'result_dir': 'C:\\Users\\Stone\\Desktop\\CGG_test_landfill_prediction\\results\\bc8b3f1b-2822-49f6-a431-7ed100014f2a'}
2023-10-17 21:49:33 [    INFO]: Device: cuda:0
2023-10-17 21:49:34 [    INFO]: Training data: 20, Testing data: 6
2023-10-17 21:49:35 [    INFO]: ResNet18(
  (backbone): Sequential(
    (0): Conv2d(3, 64, kernel_size=(7, 7), stride=(2, 2), padding=(3, 3), bias=False)
    (1): BatchNorm2d(64, eps=1e-05, momentum=0.1, affine=True, track_running_stats=True)
    (2): ReLU(inplace=True)
    (3): MaxPool2d(kernel_size=3, stride=2, padding=1, dilation=1, ceil_mode=False)
    (4): Sequential(
      (0): BasicBlock(
        (conv1): Conv2d(64, 64, kernel_size=(3, 3), stride=(1, 1), padding=(1, 1), bias=False)
        (bn1): BatchNorm2d(64, eps=1e-05, momentum=0.1, affine=True, track_running_stats=True)
        (relu): ReLU(inplace=True)
        (conv2): Conv2d(64, 64, kernel_size=(3, 3), stride=(1, 1), padding=(1, 1), bias=False)
        (bn2): BatchNorm2d(64, eps=1e-05, momentum=0.1, affine=True, track_running_stats=True)
      )
      (1): BasicBlock(
        (conv1): Conv2d(64, 64, kernel_size=(3, 3), stride=(1, 1), padding=(1, 1), bias=False)
        (bn1): BatchNorm2d(64, eps=1e-05, momentum=0.1, affine=True, track_running_stats=True)
        (relu): ReLU(inplace=True)
        (conv2): Conv2d(64, 64, kernel_size=(3, 3), stride=(1, 1), padding=(1, 1), bias=False)
        (bn2): BatchNorm2d(64, eps=1e-05, momentum=0.1, affine=True, track_running_stats=True)
      )
    )
    (5): Sequential(
      (0): BasicBlock(
        (conv1): Conv2d(64, 128, kernel_size=(3, 3), stride=(2, 2), padding=(1, 1), bias=False)
        (bn1): BatchNorm2d(128, eps=1e-05, momentum=0.1, affine=True, track_running_stats=True)
        (relu): ReLU(inplace=True)
        (conv2): Conv2d(128, 128, kernel_size=(3, 3), stride=(1, 1), padding=(1, 1), bias=False)
        (bn2): BatchNorm2d(128, eps=1e-05, momentum=0.1, affine=True, track_running_stats=True)
        (downsample): Sequential(
          (0): Conv2d(64, 128, kernel_size=(1, 1), stride=(2, 2), bias=False)
          (1): BatchNorm2d(128, eps=1e-05, momentum=0.1, affine=True, track_running_stats=True)
        )
      )
      (1): BasicBlock(
        (conv1): Conv2d(128, 128, kernel_size=(3, 3), stride=(1, 1), padding=(1, 1), bias=False)
        (bn1): BatchNorm2d(128, eps=1e-05, momentum=0.1, affine=True, track_running_stats=True)
        (relu): ReLU(inplace=True)
        (conv2): Conv2d(128, 128, kernel_size=(3, 3), stride=(1, 1), padding=(1, 1), bias=False)
        (bn2): BatchNorm2d(128, eps=1e-05, momentum=0.1, affine=True, track_running_stats=True)
      )
    )
    (6): Sequential(
      (0): BasicBlock(
        (conv1): Conv2d(128, 256, kernel_size=(3, 3), stride=(2, 2), padding=(1, 1), bias=False)
        (bn1): BatchNorm2d(256, eps=1e-05, momentum=0.1, affine=True, track_running_stats=True)
        (relu): ReLU(inplace=True)
        (conv2): Conv2d(256, 256, kernel_size=(3, 3), stride=(1, 1), padding=(1, 1), bias=False)
        (bn2): BatchNorm2d(256, eps=1e-05, momentum=0.1, affine=True, track_running_stats=True)
        (downsample): Sequential(
          (0): Conv2d(128, 256, kernel_size=(1, 1), stride=(2, 2), bias=False)
          (1): BatchNorm2d(256, eps=1e-05, momentum=0.1, affine=True, track_running_stats=True)
        )
      )
      (1): BasicBlock(
        (conv1): Conv2d(256, 256, kernel_size=(3, 3), stride=(1, 1), padding=(1, 1), bias=False)
        (bn1): BatchNorm2d(256, eps=1e-05, momentum=0.1, affine=True, track_running_stats=True)
        (relu): ReLU(inplace=True)
        (conv2): Conv2d(256, 256, kernel_size=(3, 3), stride=(1, 1), padding=(1, 1), bias=False)
        (bn2): BatchNorm2d(256, eps=1e-05, momentum=0.1, affine=True, track_running_stats=True)
      )
    )
    (7): Sequential(
      (0): BasicBlock(
        (conv1): Conv2d(256, 512, kernel_size=(3, 3), stride=(2, 2), padding=(1, 1), bias=False)
        (bn1): BatchNorm2d(512, eps=1e-05, momentum=0.1, affine=True, track_running_stats=True)
        (relu): ReLU(inplace=True)
        (conv2): Conv2d(512, 512, kernel_size=(3, 3), stride=(1, 1), padding=(1, 1), bias=False)
        (bn2): BatchNorm2d(512, eps=1e-05, momentum=0.1, affine=True, track_running_stats=True)
        (downsample): Sequential(
          (0): Conv2d(256, 512, kernel_size=(1, 1), stride=(2, 2), bias=False)
          (1): BatchNorm2d(512, eps=1e-05, momentum=0.1, affine=True, track_running_stats=True)
        )
      )
      (1): BasicBlock(
        (conv1): Conv2d(512, 512, kernel_size=(3, 3), stride=(1, 1), padding=(1, 1), bias=False)
        (bn1): BatchNorm2d(512, eps=1e-05, momentum=0.1, affine=True, track_running_stats=True)
        (relu): ReLU(inplace=True)
        (conv2): Conv2d(512, 512, kernel_size=(3, 3), stride=(1, 1), padding=(1, 1), bias=False)
        (bn2): BatchNorm2d(512, eps=1e-05, momentum=0.1, affine=True, track_running_stats=True)
      )
    )
    (8): AdaptiveAvgPool2d(output_size=(1, 1))
  )
  (classifier): Linear(in_features=512, out_features=1, bias=True)
)
2023-10-17 21:49:38 [    INFO]: [Epoch 1, Mini-batch 5] loss: 0.470144, elapsed time: 2.68 seconds, estimated total time: 160.92 seconds, time remaining: 158.24 seconds
2023-10-17 21:49:38 [    INFO]: [Epoch 1, Mini-batch 10] loss: 0.354618, elapsed time: 2.78 seconds, estimated total time: 83.26 seconds, time remaining: 80.48 seconds
2023-10-17 21:49:38 [    INFO]: [Epoch 1] train loss: 0.412381, AUC: 0.778 with optimal threashold: 0.485, accuracy: 0.833, precision: 1.000, recall: 0.667, f1_score: 0.800
2023-10-17 21:49:38 [    INFO]: [Epoch 2, Mini-batch 5] loss: 0.334364, elapsed time: 3.11 seconds, estimated total time: 62.15 seconds, time remaining: 59.04 seconds
2023-10-17 21:49:38 [    INFO]: [Epoch 2, Mini-batch 10] loss: 0.280818, elapsed time: 3.22 seconds, estimated total time: 48.26 seconds, time remaining: 45.04 seconds
2023-10-17 21:49:38 [    INFO]: [Epoch 2] train loss: 0.307591, AUC: 0.889 with optimal threashold: 0.634, accuracy: 0.833, precision: 0.750, recall: 1.000, f1_score: 0.857
2023-10-17 21:49:38 [    INFO]: [Epoch 3, Mini-batch 5] loss: 0.316210, elapsed time: 3.50 seconds, estimated total time: 41.94 seconds, time remaining: 38.45 seconds
2023-10-17 21:49:38 [    INFO]: [Epoch 3, Mini-batch 10] loss: 0.255984, elapsed time: 3.60 seconds, estimated total time: 36.03 seconds, time remaining: 32.43 seconds
2023-10-17 21:49:39 [    INFO]: [Epoch 3] train loss: 0.286097, AUC: 0.778 with optimal threashold: 0.714, accuracy: 0.833, precision: 1.000, recall: 0.667, f1_score: 0.800
2023-10-17 21:49:39 [    INFO]: [Epoch 4, Mini-batch 5] loss: 0.274280, elapsed time: 3.91 seconds, estimated total time: 33.54 seconds, time remaining: 29.63 seconds
2023-10-17 21:49:39 [    INFO]: [Epoch 4, Mini-batch 10] loss: 0.136210, elapsed time: 4.00 seconds, estimated total time: 30.01 seconds, time remaining: 26.01 seconds
2023-10-17 21:49:39 [    INFO]: [Epoch 4] train loss: 0.205245, AUC: 0.778 with optimal threashold: 0.880, accuracy: 0.833, precision: 1.000, recall: 0.667, f1_score: 0.800
2023-10-17 21:49:39 [    INFO]: [Epoch 5, Mini-batch 5] loss: 0.148370, elapsed time: 4.27 seconds, estimated total time: 28.50 seconds, time remaining: 24.22 seconds
2023-10-17 21:49:39 [    INFO]: [Epoch 5, Mini-batch 10] loss: 0.375381, elapsed time: 4.36 seconds, estimated total time: 26.15 seconds, time remaining: 21.79 seconds
2023-10-17 21:49:39 [    INFO]: [Epoch 5] train loss: 0.261876, AUC: 0.778 with optimal threashold: 0.618, accuracy: 0.833, precision: 1.000, recall: 0.667, f1_score: 0.800
2023-10-17 21:49:40 [    INFO]: [Epoch 6, Mini-batch 5] loss: 0.165518, elapsed time: 4.64 seconds, estimated total time: 25.32 seconds, time remaining: 20.68 seconds
2023-10-17 21:49:40 [    INFO]: [Epoch 6, Mini-batch 10] loss: 0.177210, elapsed time: 4.73 seconds, estimated total time: 23.64 seconds, time remaining: 18.91 seconds
2023-10-17 21:49:40 [    INFO]: [Epoch 6] train loss: 0.171364, AUC: 0.778 with optimal threashold: 0.856, accuracy: 0.833, precision: 1.000, recall: 0.667, f1_score: 0.800
2023-10-17 21:49:40 [    INFO]: [Epoch 7, Mini-batch 5] loss: 0.114279, elapsed time: 5.00 seconds, estimated total time: 23.06 seconds, time remaining: 18.06 seconds
2023-10-17 21:49:40 [    INFO]: [Epoch 7, Mini-batch 10] loss: 0.119387, elapsed time: 5.10 seconds, estimated total time: 21.87 seconds, time remaining: 16.77 seconds
2023-10-17 21:49:40 [    INFO]: [Epoch 7] train loss: 0.116833, AUC: 0.778 with optimal threashold: 0.566, accuracy: 0.833, precision: 1.000, recall: 0.667, f1_score: 0.800
2023-10-17 21:49:40 [    INFO]: [Epoch 8, Mini-batch 5] loss: 0.075068, elapsed time: 5.36 seconds, estimated total time: 21.43 seconds, time remaining: 16.07 seconds
2023-10-17 21:49:40 [    INFO]: [Epoch 8, Mini-batch 10] loss: 0.118093, elapsed time: 5.45 seconds, estimated total time: 20.43 seconds, time remaining: 14.98 seconds
2023-10-17 21:49:40 [    INFO]: [Epoch 8] train loss: 0.096580, AUC: 0.778 with optimal threashold: 0.750, accuracy: 0.833, precision: 1.000, recall: 0.667, f1_score: 0.800
2023-10-17 21:49:41 [    INFO]: [Epoch 9, Mini-batch 5] loss: 0.094174, elapsed time: 5.72 seconds, estimated total time: 20.19 seconds, time remaining: 14.47 seconds
2023-10-17 21:49:41 [    INFO]: [Epoch 9, Mini-batch 10] loss: 0.076789, elapsed time: 5.81 seconds, estimated total time: 19.36 seconds, time remaining: 13.55 seconds
2023-10-17 21:49:41 [    INFO]: [Epoch 9] train loss: 0.085482, AUC: 0.778 with optimal threashold: 0.430, accuracy: 0.833, precision: 1.000, recall: 0.667, f1_score: 0.800
2023-10-17 21:49:41 [    INFO]: [Epoch 10, Mini-batch 5] loss: 0.095059, elapsed time: 6.07 seconds, estimated total time: 19.17 seconds, time remaining: 13.10 seconds
2023-10-17 21:49:41 [    INFO]: [Epoch 10, Mini-batch 10] loss: 0.055062, elapsed time: 6.15 seconds, estimated total time: 18.46 seconds, time remaining: 12.30 seconds
2023-10-17 21:49:41 [    INFO]: [Epoch 10] train loss: 0.075060, AUC: 0.778 with optimal threashold: 0.460, accuracy: 0.833, precision: 1.000, recall: 0.667, f1_score: 0.800
2023-10-17 21:49:41 [    INFO]: [Epoch 11, Mini-batch 5] loss: 0.081725, elapsed time: 6.40 seconds, estimated total time: 18.29 seconds, time remaining: 11.89 seconds
2023-10-17 21:49:41 [    INFO]: [Epoch 11, Mini-batch 10] loss: 0.071908, elapsed time: 6.49 seconds, estimated total time: 17.69 seconds, time remaining: 11.20 seconds
2023-10-17 21:49:41 [    INFO]: [Epoch 11] train loss: 0.076817, AUC: 0.778 with optimal threashold: 0.504, accuracy: 0.833, precision: 1.000, recall: 0.667, f1_score: 0.800
2023-10-17 21:49:42 [    INFO]: [Epoch 12, Mini-batch 5] loss: 0.089538, elapsed time: 6.72 seconds, estimated total time: 17.54 seconds, time remaining: 10.81 seconds
2023-10-17 21:49:42 [    INFO]: [Epoch 12, Mini-batch 10] loss: 0.055828, elapsed time: 6.80 seconds, estimated total time: 16.99 seconds, time remaining: 10.19 seconds
2023-10-17 21:49:42 [    INFO]: [Epoch 12] train loss: 0.072683, AUC: 0.778 with optimal threashold: 0.554, accuracy: 0.833, precision: 1.000, recall: 0.667, f1_score: 0.800
2023-10-17 21:49:42 [    INFO]: [Epoch 13, Mini-batch 5] loss: 0.039384, elapsed time: 7.02 seconds, estimated total time: 16.84 seconds, time remaining: 9.82 seconds
2023-10-17 21:49:42 [    INFO]: [Epoch 13, Mini-batch 10] loss: 0.091837, elapsed time: 7.10 seconds, estimated total time: 16.37 seconds, time remaining: 9.28 seconds
2023-10-17 21:49:42 [    INFO]: [Epoch 13] train loss: 0.065611, AUC: 0.778 with optimal threashold: 0.567, accuracy: 0.833, precision: 1.000, recall: 0.667, f1_score: 0.800
2023-10-17 21:49:42 [    INFO]: [Epoch 14, Mini-batch 5] loss: 0.051730, elapsed time: 7.32 seconds, estimated total time: 16.27 seconds, time remaining: 8.95 seconds
2023-10-17 21:49:42 [    INFO]: [Epoch 14, Mini-batch 10] loss: 0.063620, elapsed time: 7.40 seconds, estimated total time: 15.85 seconds, time remaining: 8.45 seconds
2023-10-17 21:49:42 [    INFO]: [Epoch 14] train loss: 0.057675, AUC: 0.778 with optimal threashold: 0.571, accuracy: 0.833, precision: 1.000, recall: 0.667, f1_score: 0.800
2023-10-17 21:49:43 [    INFO]: [Epoch 15, Mini-batch 5] loss: 0.080025, elapsed time: 7.68 seconds, estimated total time: 15.89 seconds, time remaining: 8.21 seconds
2023-10-17 21:49:43 [    INFO]: [Epoch 15, Mini-batch 10] loss: 0.053891, elapsed time: 7.81 seconds, estimated total time: 15.61 seconds, time remaining: 7.81 seconds
2023-10-17 21:49:43 [    INFO]: [Epoch 15] train loss: 0.066958, AUC: 0.778 with optimal threashold: 0.572, accuracy: 0.833, precision: 1.000, recall: 0.667, f1_score: 0.800
2023-10-17 21:49:43 [    INFO]: [Epoch 16, Mini-batch 5] loss: 0.053650, elapsed time: 8.14 seconds, estimated total time: 15.76 seconds, time remaining: 7.62 seconds
2023-10-17 21:49:43 [    INFO]: [Epoch 16, Mini-batch 10] loss: 0.075227, elapsed time: 8.25 seconds, estimated total time: 15.48 seconds, time remaining: 7.22 seconds
2023-10-17 21:49:43 [    INFO]: [Epoch 16] train loss: 0.064439, AUC: 0.778 with optimal threashold: 0.587, accuracy: 0.833, precision: 1.000, recall: 0.667, f1_score: 0.800
2023-10-17 21:49:43 [    INFO]: [Epoch 17, Mini-batch 5] loss: 0.063510, elapsed time: 8.55 seconds, estimated total time: 15.54 seconds, time remaining: 6.99 seconds
2023-10-17 21:49:44 [    INFO]: [Epoch 17, Mini-batch 10] loss: 0.073991, elapsed time: 8.63 seconds, estimated total time: 15.24 seconds, time remaining: 6.60 seconds
2023-10-17 21:49:44 [    INFO]: [Epoch 17] train loss: 0.068751, AUC: 0.778 with optimal threashold: 0.589, accuracy: 0.833, precision: 1.000, recall: 0.667, f1_score: 0.800
2023-10-17 21:49:44 [    INFO]: [Epoch 18, Mini-batch 5] loss: 0.075385, elapsed time: 8.89 seconds, estimated total time: 15.24 seconds, time remaining: 6.35 seconds
2023-10-17 21:49:44 [    INFO]: [Epoch 18, Mini-batch 10] loss: 0.060591, elapsed time: 8.97 seconds, estimated total time: 14.94 seconds, time remaining: 5.98 seconds
2023-10-17 21:49:44 [    INFO]: [Epoch 18] train loss: 0.067988, AUC: 0.778 with optimal threashold: 0.592, accuracy: 0.833, precision: 1.000, recall: 0.667, f1_score: 0.800
2023-10-17 21:49:44 [    INFO]: [Epoch 19, Mini-batch 5] loss: 0.076603, elapsed time: 9.23 seconds, estimated total time: 14.97 seconds, time remaining: 5.74 seconds
2023-10-17 21:49:44 [    INFO]: [Epoch 19, Mini-batch 10] loss: 0.045909, elapsed time: 9.31 seconds, estimated total time: 14.70 seconds, time remaining: 5.39 seconds
2023-10-17 21:49:44 [    INFO]: [Epoch 19] train loss: 0.061256, AUC: 0.778 with optimal threashold: 0.599, accuracy: 0.833, precision: 1.000, recall: 0.667, f1_score: 0.800
2023-10-17 21:49:44 [    INFO]: [Epoch 20, Mini-batch 5] loss: 0.052394, elapsed time: 9.56 seconds, estimated total time: 14.71 seconds, time remaining: 5.15 seconds
2023-10-17 21:49:45 [    INFO]: [Epoch 20, Mini-batch 10] loss: 0.065577, elapsed time: 9.65 seconds, estimated total time: 14.47 seconds, time remaining: 4.82 seconds
2023-10-17 21:49:45 [    INFO]: [Epoch 20] train loss: 0.058985, AUC: 0.778 with optimal threashold: 0.597, accuracy: 0.833, precision: 1.000, recall: 0.667, f1_score: 0.800
2023-10-17 21:49:45 [    INFO]: [Epoch 21, Mini-batch 5] loss: 0.064875, elapsed time: 9.94 seconds, estimated total time: 14.54 seconds, time remaining: 4.60 seconds
2023-10-17 21:49:45 [    INFO]: [Epoch 21, Mini-batch 10] loss: 0.055238, elapsed time: 10.02 seconds, estimated total time: 14.32 seconds, time remaining: 4.29 seconds
2023-10-17 21:49:45 [    INFO]: [Epoch 21] train loss: 0.060057, AUC: 0.778 with optimal threashold: 0.607, accuracy: 0.833, precision: 1.000, recall: 0.667, f1_score: 0.800
2023-10-17 21:49:45 [    INFO]: [Epoch 22, Mini-batch 5] loss: 0.043215, elapsed time: 10.32 seconds, estimated total time: 14.40 seconds, time remaining: 4.08 seconds
2023-10-17 21:49:45 [    INFO]: [Epoch 22, Mini-batch 10] loss: 0.074945, elapsed time: 10.41 seconds, estimated total time: 14.20 seconds, time remaining: 3.79 seconds
2023-10-17 21:49:45 [    INFO]: [Epoch 22] train loss: 0.059080, AUC: 0.778 with optimal threashold: 0.612, accuracy: 0.833, precision: 1.000, recall: 0.667, f1_score: 0.800
2023-10-17 21:49:46 [    INFO]: [Epoch 23, Mini-batch 5] loss: 0.082457, elapsed time: 10.72 seconds, estimated total time: 14.30 seconds, time remaining: 3.57 seconds
2023-10-17 21:49:46 [    INFO]: [Epoch 23, Mini-batch 10] loss: 0.052663, elapsed time: 10.82 seconds, estimated total time: 14.12 seconds, time remaining: 3.29 seconds
2023-10-17 21:49:46 [    INFO]: [Epoch 23] train loss: 0.067560, AUC: 0.778 with optimal threashold: 0.604, accuracy: 0.833, precision: 1.000, recall: 0.667, f1_score: 0.800
2023-10-17 21:49:46 [    INFO]: [Epoch 24, Mini-batch 5] loss: 0.079633, elapsed time: 11.10 seconds, estimated total time: 14.17 seconds, time remaining: 3.07 seconds
2023-10-17 21:49:46 [    INFO]: [Epoch 24, Mini-batch 10] loss: 0.054533, elapsed time: 11.18 seconds, estimated total time: 13.97 seconds, time remaining: 2.79 seconds
2023-10-17 21:49:46 [    INFO]: [Epoch 24] train loss: 0.067083, AUC: 0.778 with optimal threashold: 0.614, accuracy: 0.833, precision: 1.000, recall: 0.667, f1_score: 0.800
2023-10-17 21:49:46 [    INFO]: [Epoch 25, Mini-batch 5] loss: 0.068911, elapsed time: 11.43 seconds, estimated total time: 14.00 seconds, time remaining: 2.57 seconds
2023-10-17 21:49:46 [    INFO]: [Epoch 25, Mini-batch 10] loss: 0.069727, elapsed time: 11.51 seconds, estimated total time: 13.81 seconds, time remaining: 2.30 seconds
2023-10-17 21:49:46 [    INFO]: [Epoch 25] train loss: 0.069319, AUC: 0.778 with optimal threashold: 0.596, accuracy: 0.833, precision: 1.000, recall: 0.667, f1_score: 0.800
2023-10-17 21:49:47 [    INFO]: [Epoch 26, Mini-batch 5] loss: 0.061034, elapsed time: 11.76 seconds, estimated total time: 13.84 seconds, time remaining: 2.08 seconds
2023-10-17 21:49:47 [    INFO]: [Epoch 26, Mini-batch 10] loss: 0.070142, elapsed time: 11.85 seconds, estimated total time: 13.68 seconds, time remaining: 1.82 seconds
2023-10-17 21:49:47 [    INFO]: [Epoch 26] train loss: 0.065588, AUC: 0.778 with optimal threashold: 0.612, accuracy: 0.833, precision: 1.000, recall: 0.667, f1_score: 0.800
2023-10-17 21:49:47 [    INFO]: [Epoch 27, Mini-batch 5] loss: 0.096291, elapsed time: 12.11 seconds, estimated total time: 13.71 seconds, time remaining: 1.60 seconds
2023-10-17 21:49:47 [    INFO]: [Epoch 27, Mini-batch 10] loss: 0.050069, elapsed time: 12.20 seconds, estimated total time: 13.55 seconds, time remaining: 1.36 seconds
2023-10-17 21:49:47 [    INFO]: [Epoch 27] train loss: 0.073180, AUC: 0.778 with optimal threashold: 0.615, accuracy: 0.833, precision: 1.000, recall: 0.667, f1_score: 0.800
2023-10-17 21:49:47 [    INFO]: [Epoch 28, Mini-batch 5] loss: 0.062748, elapsed time: 12.47 seconds, estimated total time: 13.61 seconds, time remaining: 1.13 seconds
2023-10-17 21:49:47 [    INFO]: [Epoch 28, Mini-batch 10] loss: 0.055220, elapsed time: 12.56 seconds, estimated total time: 13.46 seconds, time remaining: 0.90 seconds
2023-10-17 21:49:48 [    INFO]: [Epoch 28] train loss: 0.058984, AUC: 0.778 with optimal threashold: 0.617, accuracy: 0.833, precision: 1.000, recall: 0.667, f1_score: 0.800
2023-10-17 21:49:48 [    INFO]: [Epoch 29, Mini-batch 5] loss: 0.064412, elapsed time: 12.88 seconds, estimated total time: 13.56 seconds, time remaining: 0.68 seconds
2023-10-17 21:49:48 [    INFO]: [Epoch 29, Mini-batch 10] loss: 0.054806, elapsed time: 13.03 seconds, estimated total time: 13.48 seconds, time remaining: 0.45 seconds
2023-10-17 21:49:48 [    INFO]: [Epoch 29] train loss: 0.059609, AUC: 0.778 with optimal threashold: 0.625, accuracy: 0.833, precision: 1.000, recall: 0.667, f1_score: 0.800
2023-10-17 21:49:48 [    INFO]: [Epoch 30, Mini-batch 5] loss: 0.052431, elapsed time: 13.43 seconds, estimated total time: 13.66 seconds, time remaining: 0.23 seconds
2023-10-17 21:49:48 [    INFO]: [Epoch 30, Mini-batch 10] loss: 0.046483, elapsed time: 13.54 seconds, estimated total time: 13.54 seconds, time remaining: 0.00 seconds
2023-10-17 21:49:49 [    INFO]: [Epoch 30] train loss: 0.049457, AUC: 0.778 with optimal threashold: 0.623, accuracy: 0.833, precision: 1.000, recall: 0.667, f1_score: 0.800
2023-10-17 21:49:49 [    INFO]: $END_OF_LOGS$
2023-10-17 21:49:49 [    INFO]: task bc8b3f1b-2822-49f6-a431-7ed100014f2a finished, saved to fC:\Users\Stone\Desktop\CGG_test_landfill_prediction\results\bc8b3f1b-2822-49f6-a431-7ed100014f2a
2023-10-17 21:49:50 [    INFO]: Received request for task 4e8870a7-6bf6-4b5b-931b-6b7d8a2f0214 with data: task_name: resnet18_pred
task_type: prediction
verision: 1.0.0
seed: 18

model:
  name: ResNet18
  params: 
    freeze_backbone: True
  threshold: 0.623
  task_id: a02d1c98-4577-468b-97f2-02d87b195893

data:
  geojson_path: ./data/raw/pred.geojson
  collections: sentinel-2-l2a
  datetime: 2022-01-01/2022-12-30
  band: visual
  patch_size: [150, 150]
  overlap: [0.25, 0.25]
  transform:
    - name: to_tensor
      params: {}
    - name: resize
      params:
        size: [224, 224]
    - name: normalize
      params:
        mean: [0.485, 0.456, 0.406]
        std: [0.229, 0.224, 0.225]

2023-10-17 21:49:50 [    INFO]: CPU Usage: 0.0%, Memory Usage: 82.7%
2023-10-17 21:49:50 [    INFO]: start task 4e8870a7-6bf6-4b5b-931b-6b7d8a2f0214, saved to C:\Users\Stone\Desktop\CGG_test_landfill_prediction\results\4e8870a7-6bf6-4b5b-931b-6b7d8a2f0214
2023-10-17 21:49:50 [    INFO]: Received request for getting results for task 4e8870a7-6bf6-4b5b-931b-6b7d8a2f0214
2023-10-17 21:49:50 [    INFO]: {'task_name': 'resnet18_pred', 'task_type': 'prediction', 'verision': '1.0.0', 'seed': 18, 'model': {'name': 'ResNet18', 'params': {'freeze_backbone': True}, 'threshold': 0.623, 'task_id': 'a02d1c98-4577-468b-97f2-02d87b195893'}, 'data': {'geojson_path': './data/raw/pred.geojson', 'collections': 'sentinel-2-l2a', 'datetime': '2022-01-01/2022-12-30', 'band': 'visual', 'patch_size': [150, 150], 'overlap': [0.25, 0.25], 'transform': [{'name': 'to_tensor', 'params': {}}, {'name': 'resize', 'params': {'size': [224, 224]}}, {'name': 'normalize', 'params': {'mean': [0.485, 0.456, 0.406], 'std': [0.229, 0.224, 0.225]}}]}, 'result_dir': 'C:\\Users\\Stone\\Desktop\\CGG_test_landfill_prediction\\results\\4e8870a7-6bf6-4b5b-931b-6b7d8a2f0214'}
2023-10-17 21:49:50 [    INFO]: Random seed: 18
2023-10-17 21:49:50 [    INFO]: device: cuda
2023-10-17 21:49:50 [    INFO]: Model successfully loaded
2023-10-17 21:49:50 [    INFO]: ResNet18(
  (backbone): Sequential(
    (0): Conv2d(3, 64, kernel_size=(7, 7), stride=(2, 2), padding=(3, 3), bias=False)
    (1): BatchNorm2d(64, eps=1e-05, momentum=0.1, affine=True, track_running_stats=True)
    (2): ReLU(inplace=True)
    (3): MaxPool2d(kernel_size=3, stride=2, padding=1, dilation=1, ceil_mode=False)
    (4): Sequential(
      (0): BasicBlock(
        (conv1): Conv2d(64, 64, kernel_size=(3, 3), stride=(1, 1), padding=(1, 1), bias=False)
        (bn1): BatchNorm2d(64, eps=1e-05, momentum=0.1, affine=True, track_running_stats=True)
        (relu): ReLU(inplace=True)
        (conv2): Conv2d(64, 64, kernel_size=(3, 3), stride=(1, 1), padding=(1, 1), bias=False)
        (bn2): BatchNorm2d(64, eps=1e-05, momentum=0.1, affine=True, track_running_stats=True)
      )
      (1): BasicBlock(
        (conv1): Conv2d(64, 64, kernel_size=(3, 3), stride=(1, 1), padding=(1, 1), bias=False)
        (bn1): BatchNorm2d(64, eps=1e-05, momentum=0.1, affine=True, track_running_stats=True)
        (relu): ReLU(inplace=True)
        (conv2): Conv2d(64, 64, kernel_size=(3, 3), stride=(1, 1), padding=(1, 1), bias=False)
        (bn2): BatchNorm2d(64, eps=1e-05, momentum=0.1, affine=True, track_running_stats=True)
      )
    )
    (5): Sequential(
      (0): BasicBlock(
        (conv1): Conv2d(64, 128, kernel_size=(3, 3), stride=(2, 2), padding=(1, 1), bias=False)
        (bn1): BatchNorm2d(128, eps=1e-05, momentum=0.1, affine=True, track_running_stats=True)
        (relu): ReLU(inplace=True)
        (conv2): Conv2d(128, 128, kernel_size=(3, 3), stride=(1, 1), padding=(1, 1), bias=False)
        (bn2): BatchNorm2d(128, eps=1e-05, momentum=0.1, affine=True, track_running_stats=True)
        (downsample): Sequential(
          (0): Conv2d(64, 128, kernel_size=(1, 1), stride=(2, 2), bias=False)
          (1): BatchNorm2d(128, eps=1e-05, momentum=0.1, affine=True, track_running_stats=True)
        )
      )
      (1): BasicBlock(
        (conv1): Conv2d(128, 128, kernel_size=(3, 3), stride=(1, 1), padding=(1, 1), bias=False)
        (bn1): BatchNorm2d(128, eps=1e-05, momentum=0.1, affine=True, track_running_stats=True)
        (relu): ReLU(inplace=True)
        (conv2): Conv2d(128, 128, kernel_size=(3, 3), stride=(1, 1), padding=(1, 1), bias=False)
        (bn2): BatchNorm2d(128, eps=1e-05, momentum=0.1, affine=True, track_running_stats=True)
      )
    )
    (6): Sequential(
      (0): BasicBlock(
        (conv1): Conv2d(128, 256, kernel_size=(3, 3), stride=(2, 2), padding=(1, 1), bias=False)
        (bn1): BatchNorm2d(256, eps=1e-05, momentum=0.1, affine=True, track_running_stats=True)
        (relu): ReLU(inplace=True)
        (conv2): Conv2d(256, 256, kernel_size=(3, 3), stride=(1, 1), padding=(1, 1), bias=False)
        (bn2): BatchNorm2d(256, eps=1e-05, momentum=0.1, affine=True, track_running_stats=True)
        (downsample): Sequential(
          (0): Conv2d(128, 256, kernel_size=(1, 1), stride=(2, 2), bias=False)
          (1): BatchNorm2d(256, eps=1e-05, momentum=0.1, affine=True, track_running_stats=True)
        )
      )
      (1): BasicBlock(
        (conv1): Conv2d(256, 256, kernel_size=(3, 3), stride=(1, 1), padding=(1, 1), bias=False)
        (bn1): BatchNorm2d(256, eps=1e-05, momentum=0.1, affine=True, track_running_stats=True)
        (relu): ReLU(inplace=True)
        (conv2): Conv2d(256, 256, kernel_size=(3, 3), stride=(1, 1), padding=(1, 1), bias=False)
        (bn2): BatchNorm2d(256, eps=1e-05, momentum=0.1, affine=True, track_running_stats=True)
      )
    )
    (7): Sequential(
      (0): BasicBlock(
        (conv1): Conv2d(256, 512, kernel_size=(3, 3), stride=(2, 2), padding=(1, 1), bias=False)
        (bn1): BatchNorm2d(512, eps=1e-05, momentum=0.1, affine=True, track_running_stats=True)
        (relu): ReLU(inplace=True)
        (conv2): Conv2d(512, 512, kernel_size=(3, 3), stride=(1, 1), padding=(1, 1), bias=False)
        (bn2): BatchNorm2d(512, eps=1e-05, momentum=0.1, affine=True, track_running_stats=True)
        (downsample): Sequential(
          (0): Conv2d(256, 512, kernel_size=(1, 1), stride=(2, 2), bias=False)
          (1): BatchNorm2d(512, eps=1e-05, momentum=0.1, affine=True, track_running_stats=True)
        )
      )
      (1): BasicBlock(
        (conv1): Conv2d(512, 512, kernel_size=(3, 3), stride=(1, 1), padding=(1, 1), bias=False)
        (bn1): BatchNorm2d(512, eps=1e-05, momentum=0.1, affine=True, track_running_stats=True)
        (relu): ReLU(inplace=True)
        (conv2): Conv2d(512, 512, kernel_size=(3, 3), stride=(1, 1), padding=(1, 1), bias=False)
        (bn2): BatchNorm2d(512, eps=1e-05, momentum=0.1, affine=True, track_running_stats=True)
      )
    )
    (8): AdaptiveAvgPool2d(output_size=(1, 1))
  )
  (classifier): Linear(in_features=512, out_features=1, bias=True)
)
2023-10-17 21:49:50 [    INFO]: Total amount of data to be predicted: 6
2023-10-17 21:49:51 [    INFO]: [data: 0] img shape: (229, 275, 3), amount of patches: 1
2023-10-17 21:49:51 [    INFO]: [data: 0] predict prob: 0.13150644302368164, result label: 0
2023-10-17 21:49:52 [    INFO]: [data: 1] img shape: (237, 241, 3), amount of patches: 1
2023-10-17 21:49:52 [    INFO]: [data: 1] predict prob: 0.3200567960739136, result label: 0
2023-10-17 21:49:52 [    INFO]: [data: 2] img shape: (234, 203, 3), amount of patches: 1
2023-10-17 21:49:52 [    INFO]: [data: 2] predict prob: 0.22107622027397156, result label: 0
2023-10-17 21:49:53 [    INFO]: [data: 3] img shape: (228, 175, 3), amount of patches: 1
2023-10-17 21:49:53 [    INFO]: [data: 3] predict prob: 0.1357676237821579, result label: 0
2023-10-17 21:49:53 [    INFO]: [data: 4] img shape: (212, 229, 3), amount of patches: 1
2023-10-17 21:49:53 [    INFO]: [data: 4] predict prob: 0.2571697533130646, result label: 0
2023-10-17 21:49:54 [    INFO]: [data: 5] img shape: (234, 297, 3), amount of patches: 1
2023-10-17 21:49:54 [    INFO]: [data: 5] predict prob: 0.26266738772392273, result label: 0
2023-10-17 21:49:54 [    INFO]: task 4e8870a7-6bf6-4b5b-931b-6b7d8a2f0214 finished, saved to fC:\Users\Stone\Desktop\CGG_test_landfill_prediction\results\4e8870a7-6bf6-4b5b-931b-6b7d8a2f0214
2023-10-17 21:49:55 [    INFO]: Received request for getting results for task 4e8870a7-6bf6-4b5b-931b-6b7d8a2f0214
2023-10-17 21:49:55 [    INFO]: Return data for task 4e8870a7-6bf6-4b5b-931b-6b7d8a2f0214: {
"type": "FeatureCollection",
"crs": { "type": "name", "properties": { "name": "urn:ogc:def:crs:OGC:1.3:CRS84" } },
"features": [
{ "type": "Feature", "properties": { "id": 0, "label": 0.0 }, "geometry": { "type": "Polygon", "coordinates": [ [ [ -73.970947, 40.783058 ], [ -73.981316, 40.768094 ], [ -73.958801, 40.762741 ], [ -73.949097, 40.777624 ], [ -73.970947, 40.783058 ] ] ] } },
{ "type": "Feature", "properties": { "id": 1, "label": 0.0 }, "geometry": { "type": "Polygon", "coordinates": [ [ [ 139.691706, 35.689487 ], [ 139.700462, 35.673552 ], [ 139.682658, 35.668439 ], [ 139.674198, 35.684322 ], [ 139.691706, 35.689487 ] ] ] } },
{ "type": "Feature", "properties": { "id": 2, "label": 0.0 }, "geometry": { "type": "Polygon", "coordinates": [ [ [ 151.20929, -33.86882 ], [ 151.215197, -33.883751 ], [ 151.200294, -33.889622 ], [ 151.193665, -33.874687 ], [ 151.20929, -33.86882 ] ] ] } },
{ "type": "Feature", "properties": { "id": 3, "label": 0.0 }, "geometry": { "type": "Polygon", "coordinates": [ [ [ 37.617634, 55.755826 ], [ 37.626587, 55.740793 ], [ 37.607388, 55.735637 ], [ 37.599449, 55.75065 ], [ 37.617634, 55.755826 ] ] ] } },
{ "type": "Feature", "properties": { "id": 4, "label": 0.0 }, "geometry": { "type": "Polygon", "coordinates": [ [ [ -3.70379, 40.416775 ], [ -3.71173, 40.401726 ], [ -3.691624, 40.397861 ], [ -3.684952, 40.412883 ], [ -3.70379, 40.416775 ] ] ] } },
{ "type": "Feature", "properties": { "id": 5, "label": 0.0 }, "geometry": { "type": "Polygon", "coordinates": [ [ [ -46.633309, -23.55052 ], [ -46.641892, -23.565492 ], [ -46.623107, -23.571354 ], [ -46.613058, -23.556358 ], [ -46.633309, -23.55052 ] ] ] } }
]
}

