2023-10-15 22:28:53 [    INFO]: Device: cuda:0
2023-10-15 22:28:53 [    INFO]: Config: {'job_name': 'resnet18_train', 'verision': '1.0.0', 'seed': 18, 'model': {'name': 'ResNet18', 'params': {'freeze_backbone': True}}, 'train': {'data': {'geojson_path': './data/raw/train.geojson', 'collections': 'sentinel-2-l2a', 'datetime': '2022-01-01/2022-12-30', 'band': 'visual', 'transform': [{'name': 'to_tensor', 'params': {}}, {'name': 'resize', 'params': {'size': [224, 224]}}, {'name': 'random_flip', 'params': {'probability_vertical': 0.5, 'probability_horizontal': 0.5}}, {'name': 'normalize', 'params': {'mean': [0.485, 0.456, 0.406], 'std': [0.229, 0.224, 0.225]}}], 'batch_size': 2, 'shuffle': True}, 'epochs': 30, 'optimizer': {'type': 'SGD', 'args': {'lr': 0.01, 'weight_decay': 0.0}}, 'scheduler': {'type': 'step', 'args': {'lr_schedule': {10: 0.1, 20: 0.1}, 'warm_up': 4}}}, 'test': {'data': {'geojson_path': './data/raw/test.geojson', 'collections': 'sentinel-2-l2a', 'datetime': '2022-01-01/2022-12-30', 'band': 'visual', 'transform': [{'name': 'to_tensor', 'params': {}}, {'name': 'resize', 'params': {'size': [224, 224]}}, {'name': 'normalize', 'params': {'mean': [0.485, 0.456, 0.406], 'std': [0.229, 0.224, 0.225]}}], 'batch_size': 1, 'shuffle': False}}}
2023-10-15 22:28:53 [    INFO]: Random seed: 18
2023-10-15 22:28:53 [    INFO]: Training data: 20, Testing data: 6
2023-10-15 22:28:57 [    INFO]: [Epoch 1, Mini-batch 5] loss: 0.470144, elapsed time: 3.10 seconds, estimated total time: 186.24 seconds, time remaining: 183.14 seconds
2023-10-15 22:28:58 [    INFO]: [Epoch 1, Mini-batch 10] loss: 0.354618, elapsed time: 3.19 seconds, estimated total time: 95.61 seconds, time remaining: 92.42 seconds
2023-10-15 22:28:58 [    INFO]: [Epoch 1] train loss: 0.412381, AUC: 0.778 with optimal threashold: 0.485, accuracy: 0.833, precision: 1.000, recall: 0.667, f1_score: 0.800
2023-10-15 22:28:58 [    INFO]: [Epoch 2, Mini-batch 5] loss: 0.334364, elapsed time: 3.46 seconds, estimated total time: 69.10 seconds, time remaining: 65.65 seconds
2023-10-15 22:28:58 [    INFO]: [Epoch 2, Mini-batch 10] loss: 0.280818, elapsed time: 3.53 seconds, estimated total time: 53.01 seconds, time remaining: 49.48 seconds
2023-10-15 22:28:58 [    INFO]: [Epoch 2] train loss: 0.307591, AUC: 0.889 with optimal threashold: 0.634, accuracy: 0.833, precision: 0.750, recall: 1.000, f1_score: 0.857
2023-10-15 22:28:58 [    INFO]: [Epoch 3, Mini-batch 5] loss: 0.316210, elapsed time: 3.79 seconds, estimated total time: 45.52 seconds, time remaining: 41.72 seconds
2023-10-15 22:28:58 [    INFO]: [Epoch 3, Mini-batch 10] loss: 0.255984, elapsed time: 3.89 seconds, estimated total time: 38.88 seconds, time remaining: 34.99 seconds
2023-10-15 22:28:58 [    INFO]: [Epoch 3] train loss: 0.286097, AUC: 0.778 with optimal threashold: 0.714, accuracy: 0.833, precision: 1.000, recall: 0.667, f1_score: 0.800
2023-10-15 22:28:59 [    INFO]: [Epoch 4, Mini-batch 5] loss: 0.274280, elapsed time: 4.20 seconds, estimated total time: 35.99 seconds, time remaining: 31.79 seconds
2023-10-15 22:28:59 [    INFO]: [Epoch 4, Mini-batch 10] loss: 0.136210, elapsed time: 4.29 seconds, estimated total time: 32.18 seconds, time remaining: 27.89 seconds
2023-10-15 22:28:59 [    INFO]: [Epoch 4] train loss: 0.205245, AUC: 0.778 with optimal threashold: 0.880, accuracy: 0.833, precision: 1.000, recall: 0.667, f1_score: 0.800
2023-10-15 22:28:59 [    INFO]: [Epoch 5, Mini-batch 5] loss: 0.148370, elapsed time: 4.68 seconds, estimated total time: 31.17 seconds, time remaining: 26.50 seconds
2023-10-15 22:28:59 [    INFO]: [Epoch 5, Mini-batch 10] loss: 0.375381, elapsed time: 4.80 seconds, estimated total time: 28.82 seconds, time remaining: 24.02 seconds
2023-10-15 22:28:59 [    INFO]: [Epoch 5] train loss: 0.261876, AUC: 0.778 with optimal threashold: 0.618, accuracy: 0.833, precision: 1.000, recall: 0.667, f1_score: 0.800
2023-10-15 22:29:00 [    INFO]: [Epoch 6, Mini-batch 5] loss: 0.165518, elapsed time: 5.14 seconds, estimated total time: 28.05 seconds, time remaining: 22.91 seconds
2023-10-15 22:29:00 [    INFO]: [Epoch 6, Mini-batch 10] loss: 0.177210, elapsed time: 5.25 seconds, estimated total time: 26.24 seconds, time remaining: 20.99 seconds
2023-10-15 22:29:00 [    INFO]: [Epoch 6] train loss: 0.171364, AUC: 0.778 with optimal threashold: 0.856, accuracy: 0.833, precision: 1.000, recall: 0.667, f1_score: 0.800
2023-10-15 22:29:00 [    INFO]: [Epoch 7, Mini-batch 5] loss: 0.114279, elapsed time: 5.56 seconds, estimated total time: 25.65 seconds, time remaining: 20.09 seconds
2023-10-15 22:29:00 [    INFO]: [Epoch 7, Mini-batch 10] loss: 0.119387, elapsed time: 5.65 seconds, estimated total time: 24.22 seconds, time remaining: 18.57 seconds
2023-10-15 22:29:00 [    INFO]: [Epoch 7] train loss: 0.116833, AUC: 0.778 with optimal threashold: 0.566, accuracy: 0.833, precision: 1.000, recall: 0.667, f1_score: 0.800
2023-10-15 22:29:00 [    INFO]: [Epoch 8, Mini-batch 5] loss: 0.075068, elapsed time: 5.92 seconds, estimated total time: 23.67 seconds, time remaining: 17.75 seconds
2023-10-15 22:29:00 [    INFO]: [Epoch 8, Mini-batch 10] loss: 0.118093, elapsed time: 6.00 seconds, estimated total time: 22.50 seconds, time remaining: 16.50 seconds
2023-10-15 22:29:00 [    INFO]: [Epoch 8] train loss: 0.096580, AUC: 0.778 with optimal threashold: 0.750, accuracy: 0.833, precision: 1.000, recall: 0.667, f1_score: 0.800
2023-10-15 22:29:01 [    INFO]: [Epoch 9, Mini-batch 5] loss: 0.094174, elapsed time: 6.25 seconds, estimated total time: 22.06 seconds, time remaining: 15.81 seconds
2023-10-15 22:29:01 [    INFO]: [Epoch 9, Mini-batch 10] loss: 0.076789, elapsed time: 6.34 seconds, estimated total time: 21.15 seconds, time remaining: 14.80 seconds
2023-10-15 22:29:01 [    INFO]: [Epoch 9] train loss: 0.085482, AUC: 0.778 with optimal threashold: 0.430, accuracy: 0.833, precision: 1.000, recall: 0.667, f1_score: 0.800
2023-10-15 22:29:01 [    INFO]: [Epoch 10, Mini-batch 5] loss: 0.095059, elapsed time: 6.73 seconds, estimated total time: 21.24 seconds, time remaining: 14.52 seconds
2023-10-15 22:29:02 [    INFO]: [Epoch 10, Mini-batch 10] loss: 0.055062, elapsed time: 7.72 seconds, estimated total time: 23.17 seconds, time remaining: 15.45 seconds
2023-10-15 22:29:02 [    INFO]: [Epoch 10] train loss: 0.075060, AUC: 0.778 with optimal threashold: 0.460, accuracy: 0.833, precision: 1.000, recall: 0.667, f1_score: 0.800
2023-10-15 22:29:03 [    INFO]: [Epoch 11, Mini-batch 5] loss: 0.081725, elapsed time: 8.16 seconds, estimated total time: 23.33 seconds, time remaining: 15.16 seconds
2023-10-15 22:29:03 [    INFO]: [Epoch 11, Mini-batch 10] loss: 0.071908, elapsed time: 8.32 seconds, estimated total time: 22.68 seconds, time remaining: 14.36 seconds
2023-10-15 22:29:03 [    INFO]: [Epoch 11] train loss: 0.076817, AUC: 0.778 with optimal threashold: 0.504, accuracy: 0.833, precision: 1.000, recall: 0.667, f1_score: 0.800
2023-10-15 22:29:03 [    INFO]: [Epoch 12, Mini-batch 5] loss: 0.089538, elapsed time: 8.65 seconds, estimated total time: 22.57 seconds, time remaining: 13.92 seconds
2023-10-15 22:29:03 [    INFO]: [Epoch 12, Mini-batch 10] loss: 0.055828, elapsed time: 8.77 seconds, estimated total time: 21.92 seconds, time remaining: 13.15 seconds
2023-10-15 22:29:03 [    INFO]: [Epoch 12] train loss: 0.072683, AUC: 0.778 with optimal threashold: 0.554, accuracy: 0.833, precision: 1.000, recall: 0.667, f1_score: 0.800
2023-10-15 22:29:04 [    INFO]: [Epoch 13, Mini-batch 5] loss: 0.039384, elapsed time: 9.15 seconds, estimated total time: 21.96 seconds, time remaining: 12.81 seconds
2023-10-15 22:29:04 [    INFO]: [Epoch 13, Mini-batch 10] loss: 0.091837, elapsed time: 9.25 seconds, estimated total time: 21.35 seconds, time remaining: 12.10 seconds
2023-10-15 22:29:04 [    INFO]: [Epoch 13] train loss: 0.065611, AUC: 0.778 with optimal threashold: 0.567, accuracy: 0.833, precision: 1.000, recall: 0.667, f1_score: 0.800
2023-10-15 22:29:04 [    INFO]: [Epoch 14, Mini-batch 5] loss: 0.051730, elapsed time: 9.56 seconds, estimated total time: 21.24 seconds, time remaining: 11.68 seconds
2023-10-15 22:29:04 [    INFO]: [Epoch 14, Mini-batch 10] loss: 0.063620, elapsed time: 9.65 seconds, estimated total time: 20.68 seconds, time remaining: 11.03 seconds
2023-10-15 22:29:04 [    INFO]: [Epoch 14] train loss: 0.057675, AUC: 0.778 with optimal threashold: 0.571, accuracy: 0.833, precision: 1.000, recall: 0.667, f1_score: 0.800
2023-10-15 22:29:04 [    INFO]: [Epoch 15, Mini-batch 5] loss: 0.080025, elapsed time: 9.93 seconds, estimated total time: 20.54 seconds, time remaining: 10.61 seconds
2023-10-15 22:29:04 [    INFO]: [Epoch 15, Mini-batch 10] loss: 0.053891, elapsed time: 10.02 seconds, estimated total time: 20.03 seconds, time remaining: 10.02 seconds
2023-10-15 22:29:04 [    INFO]: [Epoch 15] train loss: 0.066958, AUC: 0.778 with optimal threashold: 0.572, accuracy: 0.833, precision: 1.000, recall: 0.667, f1_score: 0.800
2023-10-15 22:29:05 [    INFO]: [Epoch 16, Mini-batch 5] loss: 0.053650, elapsed time: 10.31 seconds, estimated total time: 19.96 seconds, time remaining: 9.65 seconds
2023-10-15 22:29:05 [    INFO]: [Epoch 16, Mini-batch 10] loss: 0.075227, elapsed time: 10.43 seconds, estimated total time: 19.56 seconds, time remaining: 9.13 seconds
2023-10-15 22:29:05 [    INFO]: [Epoch 16] train loss: 0.064439, AUC: 0.778 with optimal threashold: 0.587, accuracy: 0.833, precision: 1.000, recall: 0.667, f1_score: 0.800
2023-10-15 22:29:05 [    INFO]: [Epoch 17, Mini-batch 5] loss: 0.063510, elapsed time: 10.71 seconds, estimated total time: 19.47 seconds, time remaining: 8.76 seconds
2023-10-15 22:29:05 [    INFO]: [Epoch 17, Mini-batch 10] loss: 0.073991, elapsed time: 10.82 seconds, estimated total time: 19.10 seconds, time remaining: 8.27 seconds
2023-10-15 22:29:05 [    INFO]: [Epoch 17] train loss: 0.068751, AUC: 0.778 with optimal threashold: 0.589, accuracy: 0.833, precision: 1.000, recall: 0.667, f1_score: 0.800
2023-10-15 22:29:05 [    INFO]: [Epoch 18, Mini-batch 5] loss: 0.075385, elapsed time: 11.10 seconds, estimated total time: 19.03 seconds, time remaining: 7.93 seconds
2023-10-15 22:29:06 [    INFO]: [Epoch 18, Mini-batch 10] loss: 0.060591, elapsed time: 11.18 seconds, estimated total time: 18.64 seconds, time remaining: 7.45 seconds
2023-10-15 22:29:06 [    INFO]: [Epoch 18] train loss: 0.067988, AUC: 0.778 with optimal threashold: 0.592, accuracy: 0.833, precision: 1.000, recall: 0.667, f1_score: 0.800
2023-10-15 22:29:06 [    INFO]: [Epoch 19, Mini-batch 5] loss: 0.076603, elapsed time: 11.45 seconds, estimated total time: 18.56 seconds, time remaining: 7.11 seconds
2023-10-15 22:29:06 [    INFO]: [Epoch 19, Mini-batch 10] loss: 0.045909, elapsed time: 11.53 seconds, estimated total time: 18.20 seconds, time remaining: 6.67 seconds
2023-10-15 22:29:06 [    INFO]: [Epoch 19] train loss: 0.061256, AUC: 0.778 with optimal threashold: 0.599, accuracy: 0.833, precision: 1.000, recall: 0.667, f1_score: 0.800
2023-10-15 22:29:06 [    INFO]: [Epoch 20, Mini-batch 5] loss: 0.052394, elapsed time: 11.77 seconds, estimated total time: 18.11 seconds, time remaining: 6.34 seconds
2023-10-15 22:29:06 [    INFO]: [Epoch 20, Mini-batch 10] loss: 0.065577, elapsed time: 11.85 seconds, estimated total time: 17.78 seconds, time remaining: 5.93 seconds
2023-10-15 22:29:06 [    INFO]: [Epoch 20] train loss: 0.058985, AUC: 0.778 with optimal threashold: 0.597, accuracy: 0.833, precision: 1.000, recall: 0.667, f1_score: 0.800
2023-10-15 22:29:06 [    INFO]: [Epoch 21, Mini-batch 5] loss: 0.064875, elapsed time: 12.12 seconds, estimated total time: 17.74 seconds, time remaining: 5.62 seconds
2023-10-15 22:29:07 [    INFO]: [Epoch 21, Mini-batch 10] loss: 0.055238, elapsed time: 12.21 seconds, estimated total time: 17.44 seconds, time remaining: 5.23 seconds
2023-10-15 22:29:07 [    INFO]: [Epoch 21] train loss: 0.060057, AUC: 0.778 with optimal threashold: 0.607, accuracy: 0.833, precision: 1.000, recall: 0.667, f1_score: 0.800
2023-10-15 22:29:07 [    INFO]: [Epoch 22, Mini-batch 5] loss: 0.043215, elapsed time: 12.45 seconds, estimated total time: 17.37 seconds, time remaining: 4.92 seconds
2023-10-15 22:29:07 [    INFO]: [Epoch 22, Mini-batch 10] loss: 0.074945, elapsed time: 12.53 seconds, estimated total time: 17.09 seconds, time remaining: 4.56 seconds
2023-10-15 22:29:07 [    INFO]: [Epoch 22] train loss: 0.059080, AUC: 0.778 with optimal threashold: 0.612, accuracy: 0.833, precision: 1.000, recall: 0.667, f1_score: 0.800
2023-10-15 22:29:07 [    INFO]: [Epoch 23, Mini-batch 5] loss: 0.082457, elapsed time: 12.80 seconds, estimated total time: 17.06 seconds, time remaining: 4.27 seconds
2023-10-15 22:29:07 [    INFO]: [Epoch 23, Mini-batch 10] loss: 0.052663, elapsed time: 12.88 seconds, estimated total time: 16.80 seconds, time remaining: 3.92 seconds
2023-10-15 22:29:07 [    INFO]: [Epoch 23] train loss: 0.067560, AUC: 0.778 with optimal threashold: 0.604, accuracy: 0.833, precision: 1.000, recall: 0.667, f1_score: 0.800
2023-10-15 22:29:08 [    INFO]: [Epoch 24, Mini-batch 5] loss: 0.079633, elapsed time: 13.15 seconds, estimated total time: 16.79 seconds, time remaining: 3.64 seconds
2023-10-15 22:29:08 [    INFO]: [Epoch 24, Mini-batch 10] loss: 0.054533, elapsed time: 13.23 seconds, estimated total time: 16.54 seconds, time remaining: 3.31 seconds
2023-10-15 22:29:08 [    INFO]: [Epoch 24] train loss: 0.067083, AUC: 0.778 with optimal threashold: 0.614, accuracy: 0.833, precision: 1.000, recall: 0.667, f1_score: 0.800
2023-10-15 22:29:08 [    INFO]: [Epoch 25, Mini-batch 5] loss: 0.068911, elapsed time: 13.47 seconds, estimated total time: 16.49 seconds, time remaining: 3.02 seconds
2023-10-15 22:29:08 [    INFO]: [Epoch 25, Mini-batch 10] loss: 0.069727, elapsed time: 13.54 seconds, estimated total time: 16.25 seconds, time remaining: 2.71 seconds
2023-10-15 22:29:08 [    INFO]: [Epoch 25] train loss: 0.069319, AUC: 0.778 with optimal threashold: 0.596, accuracy: 0.833, precision: 1.000, recall: 0.667, f1_score: 0.800
2023-10-15 22:29:08 [    INFO]: [Epoch 26, Mini-batch 5] loss: 0.061034, elapsed time: 13.78 seconds, estimated total time: 16.22 seconds, time remaining: 2.43 seconds
2023-10-15 22:29:08 [    INFO]: [Epoch 26, Mini-batch 10] loss: 0.070142, elapsed time: 13.86 seconds, estimated total time: 15.99 seconds, time remaining: 2.13 seconds
2023-10-15 22:29:08 [    INFO]: [Epoch 26] train loss: 0.065588, AUC: 0.778 with optimal threashold: 0.612, accuracy: 0.833, precision: 1.000, recall: 0.667, f1_score: 0.800
2023-10-15 22:29:08 [    INFO]: [Epoch 27, Mini-batch 5] loss: 0.096291, elapsed time: 14.08 seconds, estimated total time: 15.93 seconds, time remaining: 1.86 seconds
2023-10-15 22:29:09 [    INFO]: [Epoch 27, Mini-batch 10] loss: 0.050069, elapsed time: 14.15 seconds, estimated total time: 15.72 seconds, time remaining: 1.57 seconds
2023-10-15 22:29:09 [    INFO]: [Epoch 27] train loss: 0.073180, AUC: 0.778 with optimal threashold: 0.615, accuracy: 0.833, precision: 1.000, recall: 0.667, f1_score: 0.800
2023-10-15 22:29:09 [    INFO]: [Epoch 28, Mini-batch 5] loss: 0.062748, elapsed time: 14.37 seconds, estimated total time: 15.68 seconds, time remaining: 1.31 seconds
2023-10-15 22:29:09 [    INFO]: [Epoch 28, Mini-batch 10] loss: 0.055220, elapsed time: 14.45 seconds, estimated total time: 15.48 seconds, time remaining: 1.03 seconds
2023-10-15 22:29:09 [    INFO]: [Epoch 28] train loss: 0.058984, AUC: 0.778 with optimal threashold: 0.617, accuracy: 0.833, precision: 1.000, recall: 0.667, f1_score: 0.800
2023-10-15 22:29:09 [    INFO]: [Epoch 29, Mini-batch 5] loss: 0.064412, elapsed time: 14.69 seconds, estimated total time: 15.46 seconds, time remaining: 0.77 seconds
2023-10-15 22:29:09 [    INFO]: [Epoch 29, Mini-batch 10] loss: 0.054806, elapsed time: 14.76 seconds, estimated total time: 15.27 seconds, time remaining: 0.51 seconds
2023-10-15 22:29:09 [    INFO]: [Epoch 29] train loss: 0.059609, AUC: 0.778 with optimal threashold: 0.625, accuracy: 0.833, precision: 1.000, recall: 0.667, f1_score: 0.800
2023-10-15 22:29:09 [    INFO]: [Epoch 30, Mini-batch 5] loss: 0.052431, elapsed time: 14.99 seconds, estimated total time: 15.24 seconds, time remaining: 0.25 seconds
2023-10-15 22:29:09 [    INFO]: [Epoch 30, Mini-batch 10] loss: 0.046483, elapsed time: 15.05 seconds, estimated total time: 15.05 seconds, time remaining: 0.00 seconds
2023-10-15 22:29:10 [    INFO]: [Epoch 30] train loss: 0.049457, AUC: 0.778 with optimal threashold: 0.623, accuracy: 0.833, precision: 1.000, recall: 0.667, f1_score: 0.800
