2023-10-17 20:05:33 [    INFO]: {'job_name': 'resnet18_train', 'job_type': 'train', 'verision': '1.0.0', 'seed': 18, 'model': {'name': 'ResNet18', 'params': {'freeze_backbone': True}}, 'train': {'data': {'geojson_path': './data/raw/train.geojson', 'collections': 'sentinel-2-l2a', 'datetime': '2022-01-01/2022-12-30', 'band': 'visual', 'transform': [{'name': 'to_tensor', 'params': {}}, {'name': 'resize', 'params': {'size': [224, 224]}}, {'name': 'random_flip', 'params': {'probability_vertical': 0.5, 'probability_horizontal': 0.5}}, {'name': 'normalize', 'params': {'mean': [0.485, 0.456, 0.406], 'std': [0.229, 0.224, 0.225]}}], 'batch_size': 2, 'shuffle': True}, 'epochs': 30, 'optimizer': {'type': 'SGD', 'args': {'lr': 0.01, 'weight_decay': 0.0}}, 'scheduler': {'type': 'step', 'args': {'lr_schedule': {10: 0.1, 20: 0.1}, 'warm_up': 4}}}, 'test': {'data': {'geojson_path': './data/raw/test.geojson', 'collections': 'sentinel-2-l2a', 'datetime': '2022-01-01/2022-12-30', 'band': 'visual', 'transform': [{'name': 'to_tensor', 'params': {}}, {'name': 'resize', 'params': {'size': [224, 224]}}, {'name': 'normalize', 'params': {'mean': [0.485, 0.456, 0.406], 'std': [0.229, 0.224, 0.225]}}], 'batch_size': 1, 'shuffle': False}}}
2023-10-17 20:05:33 [    INFO]: Random seed: 18
2023-10-17 20:05:33 [    INFO]: Config: {'job_name': 'resnet18_train', 'job_type': 'train', 'verision': '1.0.0', 'seed': 18, 'model': {'name': 'ResNet18', 'params': {'freeze_backbone': True}}, 'train': {'data': {'geojson_path': './data/raw/train.geojson', 'collections': 'sentinel-2-l2a', 'datetime': '2022-01-01/2022-12-30', 'band': 'visual', 'transform': [{'name': 'to_tensor', 'params': {}}, {'name': 'resize', 'params': {'size': [224, 224]}}, {'name': 'random_flip', 'params': {'probability_vertical': 0.5, 'probability_horizontal': 0.5}}, {'name': 'normalize', 'params': {'mean': [0.485, 0.456, 0.406], 'std': [0.229, 0.224, 0.225]}}], 'batch_size': 2, 'shuffle': True}, 'epochs': 30, 'optimizer': {'type': 'SGD', 'args': {'lr': 0.01, 'weight_decay': 0.0}}, 'scheduler': {'type': 'step', 'args': {'lr_schedule': {10: 0.1, 20: 0.1}, 'warm_up': 4}}}, 'test': {'data': {'geojson_path': './data/raw/test.geojson', 'collections': 'sentinel-2-l2a', 'datetime': '2022-01-01/2022-12-30', 'band': 'visual', 'transform': [{'name': 'to_tensor', 'params': {}}, {'name': 'resize', 'params': {'size': [224, 224]}}, {'name': 'normalize', 'params': {'mean': [0.485, 0.456, 0.406], 'std': [0.229, 0.224, 0.225]}}], 'batch_size': 1, 'shuffle': False}}}
2023-10-17 20:05:34 [    INFO]: Device: cuda:0
2023-10-17 20:05:34 [    INFO]: Training data: 20, Testing data: 6
2023-10-17 20:05:35 [    INFO]: ResNet18(
  (backbone): Sequential(
    (0): Conv2d(3, 64, kernel_size=(7, 7), stride=(2, 2), padding=(3, 3), bias=False)
    (1): BatchNorm2d(64, eps=1e-05, momentum=0.1, affine=True, track_running_stats=True)
    (2): ReLU(inplace=True)
    (3): MaxPool2d(kernel_size=3, stride=2, padding=1, dilation=1, ceil_mode=False)
    (4): Sequential(
      (0): BasicBlock(
        (conv1): Conv2d(64, 64, kernel_size=(3, 3), stride=(1, 1), padding=(1, 1), bias=False)
        (bn1): BatchNorm2d(64, eps=1e-05, momentum=0.1, affine=True, track_running_stats=True)
        (relu): ReLU(inplace=True)
        (conv2): Conv2d(64, 64, kernel_size=(3, 3), stride=(1, 1), padding=(1, 1), bias=False)
        (bn2): BatchNorm2d(64, eps=1e-05, momentum=0.1, affine=True, track_running_stats=True)
      )
      (1): BasicBlock(
        (conv1): Conv2d(64, 64, kernel_size=(3, 3), stride=(1, 1), padding=(1, 1), bias=False)
        (bn1): BatchNorm2d(64, eps=1e-05, momentum=0.1, affine=True, track_running_stats=True)
        (relu): ReLU(inplace=True)
        (conv2): Conv2d(64, 64, kernel_size=(3, 3), stride=(1, 1), padding=(1, 1), bias=False)
        (bn2): BatchNorm2d(64, eps=1e-05, momentum=0.1, affine=True, track_running_stats=True)
      )
    )
    (5): Sequential(
      (0): BasicBlock(
        (conv1): Conv2d(64, 128, kernel_size=(3, 3), stride=(2, 2), padding=(1, 1), bias=False)
        (bn1): BatchNorm2d(128, eps=1e-05, momentum=0.1, affine=True, track_running_stats=True)
        (relu): ReLU(inplace=True)
        (conv2): Conv2d(128, 128, kernel_size=(3, 3), stride=(1, 1), padding=(1, 1), bias=False)
        (bn2): BatchNorm2d(128, eps=1e-05, momentum=0.1, affine=True, track_running_stats=True)
        (downsample): Sequential(
          (0): Conv2d(64, 128, kernel_size=(1, 1), stride=(2, 2), bias=False)
          (1): BatchNorm2d(128, eps=1e-05, momentum=0.1, affine=True, track_running_stats=True)
        )
      )
      (1): BasicBlock(
        (conv1): Conv2d(128, 128, kernel_size=(3, 3), stride=(1, 1), padding=(1, 1), bias=False)
        (bn1): BatchNorm2d(128, eps=1e-05, momentum=0.1, affine=True, track_running_stats=True)
        (relu): ReLU(inplace=True)
        (conv2): Conv2d(128, 128, kernel_size=(3, 3), stride=(1, 1), padding=(1, 1), bias=False)
        (bn2): BatchNorm2d(128, eps=1e-05, momentum=0.1, affine=True, track_running_stats=True)
      )
    )
    (6): Sequential(
      (0): BasicBlock(
        (conv1): Conv2d(128, 256, kernel_size=(3, 3), stride=(2, 2), padding=(1, 1), bias=False)
        (bn1): BatchNorm2d(256, eps=1e-05, momentum=0.1, affine=True, track_running_stats=True)
        (relu): ReLU(inplace=True)
        (conv2): Conv2d(256, 256, kernel_size=(3, 3), stride=(1, 1), padding=(1, 1), bias=False)
        (bn2): BatchNorm2d(256, eps=1e-05, momentum=0.1, affine=True, track_running_stats=True)
        (downsample): Sequential(
          (0): Conv2d(128, 256, kernel_size=(1, 1), stride=(2, 2), bias=False)
          (1): BatchNorm2d(256, eps=1e-05, momentum=0.1, affine=True, track_running_stats=True)
        )
      )
      (1): BasicBlock(
        (conv1): Conv2d(256, 256, kernel_size=(3, 3), stride=(1, 1), padding=(1, 1), bias=False)
        (bn1): BatchNorm2d(256, eps=1e-05, momentum=0.1, affine=True, track_running_stats=True)
        (relu): ReLU(inplace=True)
        (conv2): Conv2d(256, 256, kernel_size=(3, 3), stride=(1, 1), padding=(1, 1), bias=False)
        (bn2): BatchNorm2d(256, eps=1e-05, momentum=0.1, affine=True, track_running_stats=True)
      )
    )
    (7): Sequential(
      (0): BasicBlock(
        (conv1): Conv2d(256, 512, kernel_size=(3, 3), stride=(2, 2), padding=(1, 1), bias=False)
        (bn1): BatchNorm2d(512, eps=1e-05, momentum=0.1, affine=True, track_running_stats=True)
        (relu): ReLU(inplace=True)
        (conv2): Conv2d(512, 512, kernel_size=(3, 3), stride=(1, 1), padding=(1, 1), bias=False)
        (bn2): BatchNorm2d(512, eps=1e-05, momentum=0.1, affine=True, track_running_stats=True)
        (downsample): Sequential(
          (0): Conv2d(256, 512, kernel_size=(1, 1), stride=(2, 2), bias=False)
          (1): BatchNorm2d(512, eps=1e-05, momentum=0.1, affine=True, track_running_stats=True)
        )
      )
      (1): BasicBlock(
        (conv1): Conv2d(512, 512, kernel_size=(3, 3), stride=(1, 1), padding=(1, 1), bias=False)
        (bn1): BatchNorm2d(512, eps=1e-05, momentum=0.1, affine=True, track_running_stats=True)
        (relu): ReLU(inplace=True)
        (conv2): Conv2d(512, 512, kernel_size=(3, 3), stride=(1, 1), padding=(1, 1), bias=False)
        (bn2): BatchNorm2d(512, eps=1e-05, momentum=0.1, affine=True, track_running_stats=True)
      )
    )
    (8): AdaptiveAvgPool2d(output_size=(1, 1))
  )
  (classifier): Linear(in_features=512, out_features=1, bias=True)
)
2023-10-17 20:05:38 [    INFO]: [Epoch 1, Mini-batch 5] loss: 0.470144, elapsed time: 2.80 seconds, estimated total time: 167.86 seconds, time remaining: 165.06 seconds
2023-10-17 20:05:38 [    INFO]: [Epoch 1, Mini-batch 10] loss: 0.354618, elapsed time: 2.89 seconds, estimated total time: 86.66 seconds, time remaining: 83.77 seconds
2023-10-17 20:05:38 [    INFO]: [Epoch 1] train loss: 0.412381, AUC: 0.778 with optimal threashold: 0.485, accuracy: 0.833, precision: 1.000, recall: 0.667, f1_score: 0.800
2023-10-17 20:05:39 [    INFO]: [Epoch 2, Mini-batch 5] loss: 0.334364, elapsed time: 3.22 seconds, estimated total time: 64.48 seconds, time remaining: 61.26 seconds
2023-10-17 20:05:39 [    INFO]: [Epoch 2, Mini-batch 10] loss: 0.280818, elapsed time: 3.31 seconds, estimated total time: 49.68 seconds, time remaining: 46.37 seconds
2023-10-17 20:05:39 [    INFO]: [Epoch 2] train loss: 0.307591, AUC: 0.889 with optimal threashold: 0.634, accuracy: 0.833, precision: 0.750, recall: 1.000, f1_score: 0.857
2023-10-17 20:05:39 [    INFO]: [Epoch 3, Mini-batch 5] loss: 0.316210, elapsed time: 3.55 seconds, estimated total time: 42.61 seconds, time remaining: 39.06 seconds
2023-10-17 20:05:39 [    INFO]: [Epoch 3, Mini-batch 10] loss: 0.255984, elapsed time: 3.64 seconds, estimated total time: 36.36 seconds, time remaining: 32.73 seconds
2023-10-17 20:05:39 [    INFO]: [Epoch 3] train loss: 0.286097, AUC: 0.778 with optimal threashold: 0.714, accuracy: 0.833, precision: 1.000, recall: 0.667, f1_score: 0.800
2023-10-17 20:05:39 [    INFO]: [Epoch 4, Mini-batch 5] loss: 0.274280, elapsed time: 3.88 seconds, estimated total time: 33.26 seconds, time remaining: 29.38 seconds
2023-10-17 20:05:39 [    INFO]: [Epoch 4, Mini-batch 10] loss: 0.136210, elapsed time: 3.97 seconds, estimated total time: 29.80 seconds, time remaining: 25.83 seconds
2023-10-17 20:05:39 [    INFO]: [Epoch 4] train loss: 0.205245, AUC: 0.778 with optimal threashold: 0.880, accuracy: 0.833, precision: 1.000, recall: 0.667, f1_score: 0.800
2023-10-17 20:05:40 [    INFO]: [Epoch 5, Mini-batch 5] loss: 0.148370, elapsed time: 4.26 seconds, estimated total time: 28.38 seconds, time remaining: 24.13 seconds
2023-10-17 20:05:40 [    INFO]: [Epoch 5, Mini-batch 10] loss: 0.375381, elapsed time: 4.34 seconds, estimated total time: 26.07 seconds, time remaining: 21.72 seconds
2023-10-17 20:05:40 [    INFO]: [Epoch 5] train loss: 0.261876, AUC: 0.778 with optimal threashold: 0.618, accuracy: 0.833, precision: 1.000, recall: 0.667, f1_score: 0.800
2023-10-17 20:05:40 [    INFO]: [Epoch 6, Mini-batch 5] loss: 0.165518, elapsed time: 4.66 seconds, estimated total time: 25.43 seconds, time remaining: 20.76 seconds
2023-10-17 20:05:40 [    INFO]: [Epoch 6, Mini-batch 10] loss: 0.177210, elapsed time: 4.76 seconds, estimated total time: 23.79 seconds, time remaining: 19.03 seconds
2023-10-17 20:05:40 [    INFO]: [Epoch 6] train loss: 0.171364, AUC: 0.778 with optimal threashold: 0.856, accuracy: 0.833, precision: 1.000, recall: 0.667, f1_score: 0.800
2023-10-17 20:05:40 [    INFO]: [Epoch 7, Mini-batch 5] loss: 0.114279, elapsed time: 5.03 seconds, estimated total time: 23.22 seconds, time remaining: 18.19 seconds
2023-10-17 20:05:40 [    INFO]: [Epoch 7, Mini-batch 10] loss: 0.119387, elapsed time: 5.13 seconds, estimated total time: 21.97 seconds, time remaining: 16.84 seconds
2023-10-17 20:05:41 [    INFO]: [Epoch 7] train loss: 0.116833, AUC: 0.778 with optimal threashold: 0.566, accuracy: 0.833, precision: 1.000, recall: 0.667, f1_score: 0.800
2023-10-17 20:05:41 [    INFO]: [Epoch 8, Mini-batch 5] loss: 0.075068, elapsed time: 5.41 seconds, estimated total time: 21.66 seconds, time remaining: 16.24 seconds
2023-10-17 20:05:41 [    INFO]: [Epoch 8, Mini-batch 10] loss: 0.118093, elapsed time: 5.51 seconds, estimated total time: 20.65 seconds, time remaining: 15.14 seconds
2023-10-17 20:05:41 [    INFO]: [Epoch 8] train loss: 0.096580, AUC: 0.778 with optimal threashold: 0.750, accuracy: 0.833, precision: 1.000, recall: 0.667, f1_score: 0.800
2023-10-17 20:05:41 [    INFO]: [Epoch 9, Mini-batch 5] loss: 0.094174, elapsed time: 5.80 seconds, estimated total time: 20.47 seconds, time remaining: 14.67 seconds
2023-10-17 20:05:41 [    INFO]: [Epoch 9, Mini-batch 10] loss: 0.076789, elapsed time: 5.91 seconds, estimated total time: 19.70 seconds, time remaining: 13.79 seconds
2023-10-17 20:05:41 [    INFO]: [Epoch 9] train loss: 0.085482, AUC: 0.778 with optimal threashold: 0.430, accuracy: 0.833, precision: 1.000, recall: 0.667, f1_score: 0.800
2023-10-17 20:05:41 [    INFO]: [Epoch 10, Mini-batch 5] loss: 0.095059, elapsed time: 6.21 seconds, estimated total time: 19.60 seconds, time remaining: 13.39 seconds
2023-10-17 20:05:42 [    INFO]: [Epoch 10, Mini-batch 10] loss: 0.055062, elapsed time: 6.29 seconds, estimated total time: 18.86 seconds, time remaining: 12.58 seconds
2023-10-17 20:05:42 [    INFO]: [Epoch 10] train loss: 0.075060, AUC: 0.778 with optimal threashold: 0.460, accuracy: 0.833, precision: 1.000, recall: 0.667, f1_score: 0.800
2023-10-17 20:05:42 [    INFO]: [Epoch 11, Mini-batch 5] loss: 0.081725, elapsed time: 6.52 seconds, estimated total time: 18.63 seconds, time remaining: 12.11 seconds
2023-10-17 20:05:42 [    INFO]: [Epoch 11, Mini-batch 10] loss: 0.071908, elapsed time: 6.60 seconds, estimated total time: 18.00 seconds, time remaining: 11.40 seconds
2023-10-17 20:05:42 [    INFO]: [Epoch 11] train loss: 0.076817, AUC: 0.778 with optimal threashold: 0.504, accuracy: 0.833, precision: 1.000, recall: 0.667, f1_score: 0.800
2023-10-17 20:05:42 [    INFO]: [Epoch 12, Mini-batch 5] loss: 0.089538, elapsed time: 6.85 seconds, estimated total time: 17.87 seconds, time remaining: 11.02 seconds
2023-10-17 20:05:42 [    INFO]: [Epoch 12, Mini-batch 10] loss: 0.055828, elapsed time: 6.93 seconds, estimated total time: 17.32 seconds, time remaining: 10.39 seconds
2023-10-17 20:05:42 [    INFO]: [Epoch 12] train loss: 0.072683, AUC: 0.778 with optimal threashold: 0.554, accuracy: 0.833, precision: 1.000, recall: 0.667, f1_score: 0.800
2023-10-17 20:05:44 [    INFO]: [Epoch 13, Mini-batch 5] loss: 0.039384, elapsed time: 9.11 seconds, estimated total time: 21.86 seconds, time remaining: 12.75 seconds
2023-10-17 20:05:45 [    INFO]: [Epoch 13, Mini-batch 10] loss: 0.091837, elapsed time: 9.26 seconds, estimated total time: 21.37 seconds, time remaining: 12.11 seconds
2023-10-17 20:05:45 [    INFO]: [Epoch 13] train loss: 0.065611, AUC: 0.778 with optimal threashold: 0.567, accuracy: 0.833, precision: 1.000, recall: 0.667, f1_score: 0.800
2023-10-17 20:05:45 [    INFO]: [Epoch 14, Mini-batch 5] loss: 0.051730, elapsed time: 9.63 seconds, estimated total time: 21.40 seconds, time remaining: 11.77 seconds
2023-10-17 20:05:45 [    INFO]: [Epoch 14, Mini-batch 10] loss: 0.063620, elapsed time: 9.74 seconds, estimated total time: 20.88 seconds, time remaining: 11.13 seconds
2023-10-17 20:05:45 [    INFO]: [Epoch 14] train loss: 0.057675, AUC: 0.778 with optimal threashold: 0.571, accuracy: 0.833, precision: 1.000, recall: 0.667, f1_score: 0.800
2023-10-17 20:05:45 [    INFO]: [Epoch 15, Mini-batch 5] loss: 0.080025, elapsed time: 10.12 seconds, estimated total time: 20.94 seconds, time remaining: 10.82 seconds
2023-10-17 20:05:46 [    INFO]: [Epoch 15, Mini-batch 10] loss: 0.053891, elapsed time: 10.23 seconds, estimated total time: 20.47 seconds, time remaining: 10.23 seconds
2023-10-17 20:05:46 [    INFO]: [Epoch 15] train loss: 0.066958, AUC: 0.778 with optimal threashold: 0.572, accuracy: 0.833, precision: 1.000, recall: 0.667, f1_score: 0.800
2023-10-17 20:05:46 [    INFO]: [Epoch 16, Mini-batch 5] loss: 0.053650, elapsed time: 10.60 seconds, estimated total time: 20.52 seconds, time remaining: 9.92 seconds
2023-10-17 20:05:46 [    INFO]: [Epoch 16, Mini-batch 10] loss: 0.075227, elapsed time: 10.72 seconds, estimated total time: 20.10 seconds, time remaining: 9.38 seconds
2023-10-17 20:05:46 [    INFO]: [Epoch 16] train loss: 0.064439, AUC: 0.778 with optimal threashold: 0.587, accuracy: 0.833, precision: 1.000, recall: 0.667, f1_score: 0.800
2023-10-17 20:05:46 [    INFO]: [Epoch 17, Mini-batch 5] loss: 0.063510, elapsed time: 11.05 seconds, estimated total time: 20.08 seconds, time remaining: 9.04 seconds
2023-10-17 20:05:46 [    INFO]: [Epoch 17, Mini-batch 10] loss: 0.073991, elapsed time: 11.15 seconds, estimated total time: 19.68 seconds, time remaining: 8.53 seconds
2023-10-17 20:05:47 [    INFO]: [Epoch 17] train loss: 0.068751, AUC: 0.778 with optimal threashold: 0.589, accuracy: 0.833, precision: 1.000, recall: 0.667, f1_score: 0.800
2023-10-17 20:05:47 [    INFO]: [Epoch 18, Mini-batch 5] loss: 0.075385, elapsed time: 11.48 seconds, estimated total time: 19.68 seconds, time remaining: 8.20 seconds
2023-10-17 20:05:47 [    INFO]: [Epoch 18, Mini-batch 10] loss: 0.060591, elapsed time: 11.58 seconds, estimated total time: 19.31 seconds, time remaining: 7.72 seconds
2023-10-17 20:05:47 [    INFO]: [Epoch 18] train loss: 0.067988, AUC: 0.778 with optimal threashold: 0.592, accuracy: 0.833, precision: 1.000, recall: 0.667, f1_score: 0.800
2023-10-17 20:05:47 [    INFO]: [Epoch 19, Mini-batch 5] loss: 0.076603, elapsed time: 11.89 seconds, estimated total time: 19.29 seconds, time remaining: 7.39 seconds
2023-10-17 20:05:47 [    INFO]: [Epoch 19, Mini-batch 10] loss: 0.045909, elapsed time: 11.99 seconds, estimated total time: 18.94 seconds, time remaining: 6.94 seconds
2023-10-17 20:05:47 [    INFO]: [Epoch 19] train loss: 0.061256, AUC: 0.778 with optimal threashold: 0.599, accuracy: 0.833, precision: 1.000, recall: 0.667, f1_score: 0.800
2023-10-17 20:05:48 [    INFO]: [Epoch 20, Mini-batch 5] loss: 0.052394, elapsed time: 12.30 seconds, estimated total time: 18.92 seconds, time remaining: 6.62 seconds
2023-10-17 20:05:48 [    INFO]: [Epoch 20, Mini-batch 10] loss: 0.065577, elapsed time: 12.40 seconds, estimated total time: 18.60 seconds, time remaining: 6.20 seconds
2023-10-17 20:05:48 [    INFO]: [Epoch 20] train loss: 0.058985, AUC: 0.778 with optimal threashold: 0.597, accuracy: 0.833, precision: 1.000, recall: 0.667, f1_score: 0.800
2023-10-17 20:05:48 [    INFO]: [Epoch 21, Mini-batch 5] loss: 0.064875, elapsed time: 12.71 seconds, estimated total time: 18.59 seconds, time remaining: 5.89 seconds
2023-10-17 20:05:48 [    INFO]: [Epoch 21, Mini-batch 10] loss: 0.055238, elapsed time: 12.82 seconds, estimated total time: 18.31 seconds, time remaining: 5.49 seconds
2023-10-17 20:05:48 [    INFO]: [Epoch 21] train loss: 0.060057, AUC: 0.778 with optimal threashold: 0.607, accuracy: 0.833, precision: 1.000, recall: 0.667, f1_score: 0.800
2023-10-17 20:05:48 [    INFO]: [Epoch 22, Mini-batch 5] loss: 0.043215, elapsed time: 13.15 seconds, estimated total time: 18.35 seconds, time remaining: 5.20 seconds
2023-10-17 20:05:49 [    INFO]: [Epoch 22, Mini-batch 10] loss: 0.074945, elapsed time: 13.30 seconds, estimated total time: 18.14 seconds, time remaining: 4.84 seconds
2023-10-17 20:05:49 [    INFO]: [Epoch 22] train loss: 0.059080, AUC: 0.778 with optimal threashold: 0.612, accuracy: 0.833, precision: 1.000, recall: 0.667, f1_score: 0.800
2023-10-17 20:05:49 [    INFO]: [Epoch 23, Mini-batch 5] loss: 0.082457, elapsed time: 13.63 seconds, estimated total time: 18.17 seconds, time remaining: 4.54 seconds
2023-10-17 20:05:49 [    INFO]: [Epoch 23, Mini-batch 10] loss: 0.052663, elapsed time: 13.75 seconds, estimated total time: 17.94 seconds, time remaining: 4.18 seconds
2023-10-17 20:05:49 [    INFO]: [Epoch 23] train loss: 0.067560, AUC: 0.778 with optimal threashold: 0.604, accuracy: 0.833, precision: 1.000, recall: 0.667, f1_score: 0.800
2023-10-17 20:05:49 [    INFO]: [Epoch 24, Mini-batch 5] loss: 0.079633, elapsed time: 14.08 seconds, estimated total time: 17.97 seconds, time remaining: 3.89 seconds
2023-10-17 20:05:49 [    INFO]: [Epoch 24, Mini-batch 10] loss: 0.054533, elapsed time: 14.19 seconds, estimated total time: 17.74 seconds, time remaining: 3.55 seconds
2023-10-17 20:05:50 [    INFO]: [Epoch 24] train loss: 0.067083, AUC: 0.778 with optimal threashold: 0.614, accuracy: 0.833, precision: 1.000, recall: 0.667, f1_score: 0.800
2023-10-17 20:05:50 [    INFO]: [Epoch 25, Mini-batch 5] loss: 0.068911, elapsed time: 14.52 seconds, estimated total time: 17.78 seconds, time remaining: 3.26 seconds
2023-10-17 20:05:50 [    INFO]: [Epoch 25, Mini-batch 10] loss: 0.069727, elapsed time: 14.70 seconds, estimated total time: 17.65 seconds, time remaining: 2.94 seconds
2023-10-17 20:05:50 [    INFO]: [Epoch 25] train loss: 0.069319, AUC: 0.778 with optimal threashold: 0.596, accuracy: 0.833, precision: 1.000, recall: 0.667, f1_score: 0.800
2023-10-17 20:05:50 [    INFO]: [Epoch 26, Mini-batch 5] loss: 0.061034, elapsed time: 15.06 seconds, estimated total time: 17.72 seconds, time remaining: 2.66 seconds
2023-10-17 20:05:50 [    INFO]: [Epoch 26, Mini-batch 10] loss: 0.070142, elapsed time: 15.17 seconds, estimated total time: 17.50 seconds, time remaining: 2.33 seconds
2023-10-17 20:05:51 [    INFO]: [Epoch 26] train loss: 0.065588, AUC: 0.778 with optimal threashold: 0.612, accuracy: 0.833, precision: 1.000, recall: 0.667, f1_score: 0.800
2023-10-17 20:05:51 [    INFO]: [Epoch 27, Mini-batch 5] loss: 0.096291, elapsed time: 15.50 seconds, estimated total time: 17.55 seconds, time remaining: 2.05 seconds
2023-10-17 20:05:51 [    INFO]: [Epoch 27, Mini-batch 10] loss: 0.050069, elapsed time: 15.63 seconds, estimated total time: 17.37 seconds, time remaining: 1.74 seconds
2023-10-17 20:05:51 [    INFO]: [Epoch 27] train loss: 0.073180, AUC: 0.778 with optimal threashold: 0.615, accuracy: 0.833, precision: 1.000, recall: 0.667, f1_score: 0.800
2023-10-17 20:05:51 [    INFO]: [Epoch 28, Mini-batch 5] loss: 0.062748, elapsed time: 16.00 seconds, estimated total time: 17.46 seconds, time remaining: 1.45 seconds
2023-10-17 20:05:51 [    INFO]: [Epoch 28, Mini-batch 10] loss: 0.055220, elapsed time: 16.13 seconds, estimated total time: 17.28 seconds, time remaining: 1.15 seconds
2023-10-17 20:05:52 [    INFO]: [Epoch 28] train loss: 0.058984, AUC: 0.778 with optimal threashold: 0.617, accuracy: 0.833, precision: 1.000, recall: 0.667, f1_score: 0.800
2023-10-17 20:05:52 [    INFO]: [Epoch 29, Mini-batch 5] loss: 0.064412, elapsed time: 16.44 seconds, estimated total time: 17.31 seconds, time remaining: 0.87 seconds
2023-10-17 20:05:52 [    INFO]: [Epoch 29, Mini-batch 10] loss: 0.054806, elapsed time: 16.54 seconds, estimated total time: 17.11 seconds, time remaining: 0.57 seconds
2023-10-17 20:05:52 [    INFO]: [Epoch 29] train loss: 0.059609, AUC: 0.778 with optimal threashold: 0.625, accuracy: 0.833, precision: 1.000, recall: 0.667, f1_score: 0.800
2023-10-17 20:05:52 [    INFO]: [Epoch 30, Mini-batch 5] loss: 0.052431, elapsed time: 16.84 seconds, estimated total time: 17.12 seconds, time remaining: 0.29 seconds
2023-10-17 20:05:52 [    INFO]: [Epoch 30, Mini-batch 10] loss: 0.046483, elapsed time: 16.93 seconds, estimated total time: 16.93 seconds, time remaining: 0.00 seconds
2023-10-17 20:05:52 [    INFO]: [Epoch 30] train loss: 0.049457, AUC: 0.778 with optimal threashold: 0.623, accuracy: 0.833, precision: 1.000, recall: 0.667, f1_score: 0.800
